2021-10-12 23:29:11.756 [http-nio-8080-exec-4] ERROR onlinepharmacy.model.service.impl.OrderServiceImpl - DaoException is in method createProduct() while create products in basket 
by.epam.onlinepharmacy.exception.DaoException: SQLException in method createOrder() 
	at by.epam.onlinepharmacy.model.dao.impl.OrderDaoImpl.createOrder(OrderDaoImpl.java:137) ~[classes/:?]
	at by.epam.onlinepharmacy.model.service.impl.OrderServiceImpl.createOrder(OrderServiceImpl.java:78) [classes/:?]
	at by.epam.onlinepharmacy.controller.command.impl.customer.SendingOrderCommand.execute(SendingOrderCommand.java:37) [classes/:?]
	at by.epam.onlinepharmacy.controller.Controller.processRequest(Controller.java:36) [classes/:?]
	at by.epam.onlinepharmacy.controller.Controller.doPost(Controller.java:30) [classes/:?]
	at javax.servlet.http.HttpServlet.service(HttpServlet.java:652) [servlet-api.jar:?]
	at javax.servlet.http.HttpServlet.service(HttpServlet.java:733) [servlet-api.jar:?]
	at org.apache.catalina.core.ApplicationFilterChain.internalDoFilter(ApplicationFilterChain.java:231) [catalina.jar:8.5.57]
	at org.apache.catalina.core.ApplicationFilterChain.doFilter(ApplicationFilterChain.java:166) [catalina.jar:8.5.57]
	at org.apache.tomcat.websocket.server.WsFilter.doFilter(WsFilter.java:52) [tomcat-websocket.jar:8.5.57]
	at org.apache.catalina.core.ApplicationFilterChain.internalDoFilter(ApplicationFilterChain.java:193) [catalina.jar:8.5.57]
	at org.apache.catalina.core.ApplicationFilterChain.doFilter(ApplicationFilterChain.java:166) [catalina.jar:8.5.57]
	at by.epam.onlinepharmacy.controller.filter.EncoderFilter.doFilter(EncoderFilter.java:35) [classes/:?]
	at org.apache.catalina.core.ApplicationFilterChain.internalDoFilter(ApplicationFilterChain.java:193) [catalina.jar:8.5.57]
	at org.apache.catalina.core.ApplicationFilterChain.doFilter(ApplicationFilterChain.java:166) [catalina.jar:8.5.57]
	at org.apache.catalina.core.StandardWrapperValve.invoke(StandardWrapperValve.java:199) [catalina.jar:8.5.57]
	at org.apache.catalina.core.StandardContextValve.invoke(StandardContextValve.java:96) [catalina.jar:8.5.57]
	at org.apache.catalina.authenticator.AuthenticatorBase.invoke(AuthenticatorBase.java:543) [catalina.jar:8.5.57]
	at org.apache.catalina.core.StandardHostValve.invoke(StandardHostValve.java:139) [catalina.jar:8.5.57]
	at org.apache.catalina.valves.ErrorReportValve.invoke(ErrorReportValve.java:81) [catalina.jar:8.5.57]
	at org.apache.catalina.valves.AbstractAccessLogValve.invoke(AbstractAccessLogValve.java:690) [catalina.jar:8.5.57]
	at org.apache.catalina.core.StandardEngineValve.invoke(StandardEngineValve.java:87) [catalina.jar:8.5.57]
	at org.apache.catalina.connector.CoyoteAdapter.service(CoyoteAdapter.java:343) [catalina.jar:8.5.57]
	at org.apache.coyote.http11.Http11Processor.service(Http11Processor.java:615) [tomcat-coyote.jar:8.5.57]
	at org.apache.coyote.AbstractProcessorLight.process(AbstractProcessorLight.java:65) [tomcat-coyote.jar:8.5.57]
	at org.apache.coyote.AbstractProtocol$ConnectionHandler.process(AbstractProtocol.java:818) [tomcat-coyote.jar:8.5.57]
	at org.apache.tomcat.util.net.NioEndpoint$SocketProcessor.doRun(NioEndpoint.java:1626) [tomcat-coyote.jar:8.5.57]
	at org.apache.tomcat.util.net.SocketProcessorBase.run(SocketProcessorBase.java:49) [tomcat-coyote.jar:8.5.57]
	at java.util.concurrent.ThreadPoolExecutor.runWorker(ThreadPoolExecutor.java:1130) [?:?]
	at java.util.concurrent.ThreadPoolExecutor$Worker.run(ThreadPoolExecutor.java:630) [?:?]
	at org.apache.tomcat.util.threads.TaskThread$WrappingRunnable.run(TaskThread.java:61) [tomcat-util.jar:8.5.57]
	at java.lang.Thread.run(Thread.java:831) [?:?]
Caused by: java.sql.SQLException: Can not issue data manipulation statements with executeQuery().
	at com.mysql.cj.jdbc.exceptions.SQLError.createSQLException(SQLError.java:129) ~[mysql-connector-java-8.0.20.jar:8.0.20]
	at com.mysql.cj.jdbc.exceptions.SQLError.createSQLException(SQLError.java:97) ~[mysql-connector-java-8.0.20.jar:8.0.20]
	at com.mysql.cj.jdbc.exceptions.SQLError.createSQLException(SQLError.java:89) ~[mysql-connector-java-8.0.20.jar:8.0.20]
	at com.mysql.cj.jdbc.exceptions.SQLError.createSQLException(SQLError.java:63) ~[mysql-connector-java-8.0.20.jar:8.0.20]
	at com.mysql.cj.jdbc.StatementImpl.checkForDml(StatementImpl.java:367) ~[mysql-connector-java-8.0.20.jar:?]
	at com.mysql.cj.jdbc.ClientPreparedStatement.executeQuery(ClientPreparedStatement.java:962) ~[mysql-connector-java-8.0.20.jar:?]
	at by.epam.onlinepharmacy.model.dao.impl.OrderDaoImpl.createOrder(OrderDaoImpl.java:113) ~[classes/:?]
	... 31 more
2021-10-12 23:29:11.973 [http-nio-8080-exec-4] ERROR controller.command.impl.customer.SendingOrderCommand - ServiceException in method execute while create order 
by.epam.onlinepharmacy.exception.ServiceException: DaoException is in method createProduct() while create products in basket 
	at by.epam.onlinepharmacy.model.service.impl.OrderServiceImpl.createOrder(OrderServiceImpl.java:82) ~[classes/:?]
	at by.epam.onlinepharmacy.controller.command.impl.customer.SendingOrderCommand.execute(SendingOrderCommand.java:37) [classes/:?]
	at by.epam.onlinepharmacy.controller.Controller.processRequest(Controller.java:36) [classes/:?]
	at by.epam.onlinepharmacy.controller.Controller.doPost(Controller.java:30) [classes/:?]
	at javax.servlet.http.HttpServlet.service(HttpServlet.java:652) [servlet-api.jar:?]
	at javax.servlet.http.HttpServlet.service(HttpServlet.java:733) [servlet-api.jar:?]
	at org.apache.catalina.core.ApplicationFilterChain.internalDoFilter(ApplicationFilterChain.java:231) [catalina.jar:8.5.57]
	at org.apache.catalina.core.ApplicationFilterChain.doFilter(ApplicationFilterChain.java:166) [catalina.jar:8.5.57]
	at org.apache.tomcat.websocket.server.WsFilter.doFilter(WsFilter.java:52) [tomcat-websocket.jar:8.5.57]
	at org.apache.catalina.core.ApplicationFilterChain.internalDoFilter(ApplicationFilterChain.java:193) [catalina.jar:8.5.57]
	at org.apache.catalina.core.ApplicationFilterChain.doFilter(ApplicationFilterChain.java:166) [catalina.jar:8.5.57]
	at by.epam.onlinepharmacy.controller.filter.EncoderFilter.doFilter(EncoderFilter.java:35) [classes/:?]
	at org.apache.catalina.core.ApplicationFilterChain.internalDoFilter(ApplicationFilterChain.java:193) [catalina.jar:8.5.57]
	at org.apache.catalina.core.ApplicationFilterChain.doFilter(ApplicationFilterChain.java:166) [catalina.jar:8.5.57]
	at org.apache.catalina.core.StandardWrapperValve.invoke(StandardWrapperValve.java:199) [catalina.jar:8.5.57]
	at org.apache.catalina.core.StandardContextValve.invoke(StandardContextValve.java:96) [catalina.jar:8.5.57]
	at org.apache.catalina.authenticator.AuthenticatorBase.invoke(AuthenticatorBase.java:543) [catalina.jar:8.5.57]
	at org.apache.catalina.core.StandardHostValve.invoke(StandardHostValve.java:139) [catalina.jar:8.5.57]
	at org.apache.catalina.valves.ErrorReportValve.invoke(ErrorReportValve.java:81) [catalina.jar:8.5.57]
	at org.apache.catalina.valves.AbstractAccessLogValve.invoke(AbstractAccessLogValve.java:690) [catalina.jar:8.5.57]
	at org.apache.catalina.core.StandardEngineValve.invoke(StandardEngineValve.java:87) [catalina.jar:8.5.57]
	at org.apache.catalina.connector.CoyoteAdapter.service(CoyoteAdapter.java:343) [catalina.jar:8.5.57]
	at org.apache.coyote.http11.Http11Processor.service(Http11Processor.java:615) [tomcat-coyote.jar:8.5.57]
	at org.apache.coyote.AbstractProcessorLight.process(AbstractProcessorLight.java:65) [tomcat-coyote.jar:8.5.57]
	at org.apache.coyote.AbstractProtocol$ConnectionHandler.process(AbstractProtocol.java:818) [tomcat-coyote.jar:8.5.57]
	at org.apache.tomcat.util.net.NioEndpoint$SocketProcessor.doRun(NioEndpoint.java:1626) [tomcat-coyote.jar:8.5.57]
	at org.apache.tomcat.util.net.SocketProcessorBase.run(SocketProcessorBase.java:49) [tomcat-coyote.jar:8.5.57]
	at java.util.concurrent.ThreadPoolExecutor.runWorker(ThreadPoolExecutor.java:1130) [?:?]
	at java.util.concurrent.ThreadPoolExecutor$Worker.run(ThreadPoolExecutor.java:630) [?:?]
	at org.apache.tomcat.util.threads.TaskThread$WrappingRunnable.run(TaskThread.java:61) [tomcat-util.jar:8.5.57]
	at java.lang.Thread.run(Thread.java:831) [?:?]
Caused by: by.epam.onlinepharmacy.exception.DaoException: SQLException in method createOrder() 
	at by.epam.onlinepharmacy.model.dao.impl.OrderDaoImpl.createOrder(OrderDaoImpl.java:137) ~[classes/:?]
	at by.epam.onlinepharmacy.model.service.impl.OrderServiceImpl.createOrder(OrderServiceImpl.java:78) ~[classes/:?]
	... 30 more
Caused by: java.sql.SQLException: Can not issue data manipulation statements with executeQuery().
	at com.mysql.cj.jdbc.exceptions.SQLError.createSQLException(SQLError.java:129) ~[mysql-connector-java-8.0.20.jar:8.0.20]
	at com.mysql.cj.jdbc.exceptions.SQLError.createSQLException(SQLError.java:97) ~[mysql-connector-java-8.0.20.jar:8.0.20]
	at com.mysql.cj.jdbc.exceptions.SQLError.createSQLException(SQLError.java:89) ~[mysql-connector-java-8.0.20.jar:8.0.20]
	at com.mysql.cj.jdbc.exceptions.SQLError.createSQLException(SQLError.java:63) ~[mysql-connector-java-8.0.20.jar:8.0.20]
	at com.mysql.cj.jdbc.StatementImpl.checkForDml(StatementImpl.java:367) ~[mysql-connector-java-8.0.20.jar:?]
	at com.mysql.cj.jdbc.ClientPreparedStatement.executeQuery(ClientPreparedStatement.java:962) ~[mysql-connector-java-8.0.20.jar:?]
	at by.epam.onlinepharmacy.model.dao.impl.OrderDaoImpl.createOrder(OrderDaoImpl.java:113) ~[classes/:?]
	at by.epam.onlinepharmacy.model.service.impl.OrderServiceImpl.createOrder(OrderServiceImpl.java:78) ~[classes/:?]
	... 30 more
2021-10-13 22:26:27.778 [RMI TCP Connection(3)-127.0.0.1] INFO  epam.onlinepharmacy.model.connection.ConnectionPool - Connection pool was created
2021-10-13 22:28:23.510 [RMI TCP Connection(3)-127.0.0.1] INFO  epam.onlinepharmacy.model.connection.ConnectionPool - Connection pool was created
2021-10-13 22:53:24.246 [RMI TCP Connection(3)-127.0.0.1] INFO  epam.onlinepharmacy.model.connection.ConnectionPool - Connection pool was created
2021-10-13 22:56:01.027 [RMI TCP Connection(3)-127.0.0.1] INFO  epam.onlinepharmacy.model.connection.ConnectionPool - Connection pool was created
2021-10-13 23:06:28.235 [RMI TCP Connection(3)-127.0.0.1] INFO  epam.onlinepharmacy.model.connection.ConnectionPool - Connection pool was created
2021-10-14 00:06:22.740 [RMI TCP Connection(3)-127.0.0.1] INFO  epam.onlinepharmacy.model.connection.ConnectionPool - Connection pool was created
2021-10-14 00:24:24.610 [RMI TCP Connection(3)-127.0.0.1] INFO  epam.onlinepharmacy.model.connection.ConnectionPool - Connection pool was created
2021-10-14 19:12:02.068 [RMI TCP Connection(2)-127.0.0.1] INFO  epam.onlinepharmacy.model.connection.ConnectionPool - Connection pool was created
2021-10-14 19:13:32.210 [http-nio-8080-exec-9] ERROR onlinepharmacy.model.dao.impl.OrderDaoImpl - SQLException in method createOrder() 
java.sql.SQLException: Generated keys not requested. You need to specify Statement.RETURN_GENERATED_KEYS to Statement.executeUpdate(), Statement.executeLargeUpdate() or Connection.prepareStatement().
	at com.mysql.cj.jdbc.exceptions.SQLError.createSQLException(SQLError.java:129) ~[mysql-connector-java-8.0.20.jar:8.0.20]
	at com.mysql.cj.jdbc.exceptions.SQLError.createSQLException(SQLError.java:97) ~[mysql-connector-java-8.0.20.jar:8.0.20]
	at com.mysql.cj.jdbc.exceptions.SQLError.createSQLException(SQLError.java:89) ~[mysql-connector-java-8.0.20.jar:8.0.20]
	at com.mysql.cj.jdbc.exceptions.SQLError.createSQLException(SQLError.java:63) ~[mysql-connector-java-8.0.20.jar:8.0.20]
	at com.mysql.cj.jdbc.StatementImpl.getGeneratedKeys(StatementImpl.java:1376) ~[mysql-connector-java-8.0.20.jar:?]
	at by.epam.onlinepharmacy.model.dao.impl.OrderDaoImpl.createOrder(OrderDaoImpl.java:109) [classes/:?]
	at by.epam.onlinepharmacy.model.service.impl.OrderServiceImpl.createOrder(OrderServiceImpl.java:71) [classes/:?]
	at by.epam.onlinepharmacy.controller.command.impl.customer.SendingOrderCommand.execute(SendingOrderCommand.java:37) [classes/:?]
	at by.epam.onlinepharmacy.controller.Controller.processRequest(Controller.java:36) [classes/:?]
	at by.epam.onlinepharmacy.controller.Controller.doPost(Controller.java:30) [classes/:?]
	at javax.servlet.http.HttpServlet.service(HttpServlet.java:652) [servlet-api.jar:?]
	at javax.servlet.http.HttpServlet.service(HttpServlet.java:733) [servlet-api.jar:?]
	at org.apache.catalina.core.ApplicationFilterChain.internalDoFilter(ApplicationFilterChain.java:231) [catalina.jar:8.5.57]
	at org.apache.catalina.core.ApplicationFilterChain.doFilter(ApplicationFilterChain.java:166) [catalina.jar:8.5.57]
	at org.apache.tomcat.websocket.server.WsFilter.doFilter(WsFilter.java:52) [tomcat-websocket.jar:8.5.57]
	at org.apache.catalina.core.ApplicationFilterChain.internalDoFilter(ApplicationFilterChain.java:193) [catalina.jar:8.5.57]
	at org.apache.catalina.core.ApplicationFilterChain.doFilter(ApplicationFilterChain.java:166) [catalina.jar:8.5.57]
	at by.epam.onlinepharmacy.controller.filter.EncoderFilter.doFilter(EncoderFilter.java:35) [classes/:?]
	at org.apache.catalina.core.ApplicationFilterChain.internalDoFilter(ApplicationFilterChain.java:193) [catalina.jar:8.5.57]
	at org.apache.catalina.core.ApplicationFilterChain.doFilter(ApplicationFilterChain.java:166) [catalina.jar:8.5.57]
	at org.apache.catalina.core.StandardWrapperValve.invoke(StandardWrapperValve.java:199) [catalina.jar:8.5.57]
	at org.apache.catalina.core.StandardContextValve.invoke(StandardContextValve.java:96) [catalina.jar:8.5.57]
	at org.apache.catalina.authenticator.AuthenticatorBase.invoke(AuthenticatorBase.java:543) [catalina.jar:8.5.57]
	at org.apache.catalina.core.StandardHostValve.invoke(StandardHostValve.java:139) [catalina.jar:8.5.57]
	at org.apache.catalina.valves.ErrorReportValve.invoke(ErrorReportValve.java:81) [catalina.jar:8.5.57]
	at org.apache.catalina.valves.AbstractAccessLogValve.invoke(AbstractAccessLogValve.java:690) [catalina.jar:8.5.57]
	at org.apache.catalina.core.StandardEngineValve.invoke(StandardEngineValve.java:87) [catalina.jar:8.5.57]
	at org.apache.catalina.connector.CoyoteAdapter.service(CoyoteAdapter.java:343) [catalina.jar:8.5.57]
	at org.apache.coyote.http11.Http11Processor.service(Http11Processor.java:615) [tomcat-coyote.jar:8.5.57]
	at org.apache.coyote.AbstractProcessorLight.process(AbstractProcessorLight.java:65) [tomcat-coyote.jar:8.5.57]
	at org.apache.coyote.AbstractProtocol$ConnectionHandler.process(AbstractProtocol.java:818) [tomcat-coyote.jar:8.5.57]
	at org.apache.tomcat.util.net.NioEndpoint$SocketProcessor.doRun(NioEndpoint.java:1626) [tomcat-coyote.jar:8.5.57]
	at org.apache.tomcat.util.net.SocketProcessorBase.run(SocketProcessorBase.java:49) [tomcat-coyote.jar:8.5.57]
	at java.util.concurrent.ThreadPoolExecutor.runWorker(ThreadPoolExecutor.java:1130) [?:?]
	at java.util.concurrent.ThreadPoolExecutor$Worker.run(ThreadPoolExecutor.java:630) [?:?]
	at org.apache.tomcat.util.threads.TaskThread$WrappingRunnable.run(TaskThread.java:61) [tomcat-util.jar:8.5.57]
	at java.lang.Thread.run(Thread.java:831) [?:?]
2021-10-14 19:13:32.281 [http-nio-8080-exec-9] ERROR onlinepharmacy.model.service.impl.OrderServiceImpl - DaoException is in method createOrder() 
by.epam.onlinepharmacy.exception.DaoException: SQLException in method createOrder() 
	at by.epam.onlinepharmacy.model.dao.impl.OrderDaoImpl.createOrder(OrderDaoImpl.java:115) ~[classes/:?]
	at by.epam.onlinepharmacy.model.service.impl.OrderServiceImpl.createOrder(OrderServiceImpl.java:71) [classes/:?]
	at by.epam.onlinepharmacy.controller.command.impl.customer.SendingOrderCommand.execute(SendingOrderCommand.java:37) [classes/:?]
	at by.epam.onlinepharmacy.controller.Controller.processRequest(Controller.java:36) [classes/:?]
	at by.epam.onlinepharmacy.controller.Controller.doPost(Controller.java:30) [classes/:?]
	at javax.servlet.http.HttpServlet.service(HttpServlet.java:652) [servlet-api.jar:?]
	at javax.servlet.http.HttpServlet.service(HttpServlet.java:733) [servlet-api.jar:?]
	at org.apache.catalina.core.ApplicationFilterChain.internalDoFilter(ApplicationFilterChain.java:231) [catalina.jar:8.5.57]
	at org.apache.catalina.core.ApplicationFilterChain.doFilter(ApplicationFilterChain.java:166) [catalina.jar:8.5.57]
	at org.apache.tomcat.websocket.server.WsFilter.doFilter(WsFilter.java:52) [tomcat-websocket.jar:8.5.57]
	at org.apache.catalina.core.ApplicationFilterChain.internalDoFilter(ApplicationFilterChain.java:193) [catalina.jar:8.5.57]
	at org.apache.catalina.core.ApplicationFilterChain.doFilter(ApplicationFilterChain.java:166) [catalina.jar:8.5.57]
	at by.epam.onlinepharmacy.controller.filter.EncoderFilter.doFilter(EncoderFilter.java:35) [classes/:?]
	at org.apache.catalina.core.ApplicationFilterChain.internalDoFilter(ApplicationFilterChain.java:193) [catalina.jar:8.5.57]
	at org.apache.catalina.core.ApplicationFilterChain.doFilter(ApplicationFilterChain.java:166) [catalina.jar:8.5.57]
	at org.apache.catalina.core.StandardWrapperValve.invoke(StandardWrapperValve.java:199) [catalina.jar:8.5.57]
	at org.apache.catalina.core.StandardContextValve.invoke(StandardContextValve.java:96) [catalina.jar:8.5.57]
	at org.apache.catalina.authenticator.AuthenticatorBase.invoke(AuthenticatorBase.java:543) [catalina.jar:8.5.57]
	at org.apache.catalina.core.StandardHostValve.invoke(StandardHostValve.java:139) [catalina.jar:8.5.57]
	at org.apache.catalina.valves.ErrorReportValve.invoke(ErrorReportValve.java:81) [catalina.jar:8.5.57]
	at org.apache.catalina.valves.AbstractAccessLogValve.invoke(AbstractAccessLogValve.java:690) [catalina.jar:8.5.57]
	at org.apache.catalina.core.StandardEngineValve.invoke(StandardEngineValve.java:87) [catalina.jar:8.5.57]
	at org.apache.catalina.connector.CoyoteAdapter.service(CoyoteAdapter.java:343) [catalina.jar:8.5.57]
	at org.apache.coyote.http11.Http11Processor.service(Http11Processor.java:615) [tomcat-coyote.jar:8.5.57]
	at org.apache.coyote.AbstractProcessorLight.process(AbstractProcessorLight.java:65) [tomcat-coyote.jar:8.5.57]
	at org.apache.coyote.AbstractProtocol$ConnectionHandler.process(AbstractProtocol.java:818) [tomcat-coyote.jar:8.5.57]
	at org.apache.tomcat.util.net.NioEndpoint$SocketProcessor.doRun(NioEndpoint.java:1626) [tomcat-coyote.jar:8.5.57]
	at org.apache.tomcat.util.net.SocketProcessorBase.run(SocketProcessorBase.java:49) [tomcat-coyote.jar:8.5.57]
	at java.util.concurrent.ThreadPoolExecutor.runWorker(ThreadPoolExecutor.java:1130) [?:?]
	at java.util.concurrent.ThreadPoolExecutor$Worker.run(ThreadPoolExecutor.java:630) [?:?]
	at org.apache.tomcat.util.threads.TaskThread$WrappingRunnable.run(TaskThread.java:61) [tomcat-util.jar:8.5.57]
	at java.lang.Thread.run(Thread.java:831) [?:?]
Caused by: java.sql.SQLException: Generated keys not requested. You need to specify Statement.RETURN_GENERATED_KEYS to Statement.executeUpdate(), Statement.executeLargeUpdate() or Connection.prepareStatement().
	at com.mysql.cj.jdbc.exceptions.SQLError.createSQLException(SQLError.java:129) ~[mysql-connector-java-8.0.20.jar:8.0.20]
	at com.mysql.cj.jdbc.exceptions.SQLError.createSQLException(SQLError.java:97) ~[mysql-connector-java-8.0.20.jar:8.0.20]
	at com.mysql.cj.jdbc.exceptions.SQLError.createSQLException(SQLError.java:89) ~[mysql-connector-java-8.0.20.jar:8.0.20]
	at com.mysql.cj.jdbc.exceptions.SQLError.createSQLException(SQLError.java:63) ~[mysql-connector-java-8.0.20.jar:8.0.20]
	at com.mysql.cj.jdbc.StatementImpl.getGeneratedKeys(StatementImpl.java:1376) ~[mysql-connector-java-8.0.20.jar:?]
	at by.epam.onlinepharmacy.model.dao.impl.OrderDaoImpl.createOrder(OrderDaoImpl.java:109) ~[classes/:?]
	... 31 more
