2021-10-04 22:22:38.912 [main] INFO  epam.onlinepharmacy.model.connection.ConnectionPool - Connection pool was created
2021-10-04 22:56:57.245 [main] INFO  epam.onlinepharmacy.model.connection.ConnectionPool - Connection pool was created
2021-10-04 23:13:09.806 [main] INFO  epam.onlinepharmacy.model.connection.ConnectionPool - Connection pool was created
2021-10-04 23:15:09.541 [main] INFO  epam.onlinepharmacy.model.connection.ConnectionPool - Connection pool was created
2021-10-05 23:28:15.822 [RMI TCP Connection(2)-127.0.0.1] INFO  epam.onlinepharmacy.model.connection.ConnectionPool - Connection pool was created
2021-10-06 08:42:59.654 [RMI TCP Connection(2)-127.0.0.1] INFO  epam.onlinepharmacy.model.connection.ConnectionPool - Connection pool was created
2021-10-06 09:09:55.224 [RMI TCP Connection(6)-127.0.0.1] INFO  epam.onlinepharmacy.model.connection.ConnectionPool - Connection pool was created
2021-10-06 09:32:28.009 [RMI TCP Connection(9)-127.0.0.1] INFO  epam.onlinepharmacy.model.connection.ConnectionPool - Connection pool was created
2021-10-06 09:41:17.847 [RMI TCP Connection(12)-127.0.0.1] INFO  epam.onlinepharmacy.model.connection.ConnectionPool - Connection pool was created
2021-10-06 09:45:58.121 [RMI TCP Connection(15)-127.0.0.1] INFO  epam.onlinepharmacy.model.connection.ConnectionPool - Connection pool was created
2021-10-06 11:30:15.218 [RMI TCP Connection(3)-127.0.0.1] INFO  epam.onlinepharmacy.model.connection.ConnectionPool - Connection pool was created
2021-10-06 12:09:37.298 [RMI TCP Connection(7)-127.0.0.1] INFO  epam.onlinepharmacy.model.connection.ConnectionPool - Connection pool was created
2021-10-06 13:04:17.169 [RMI TCP Connection(10)-127.0.0.1] INFO  epam.onlinepharmacy.model.connection.ConnectionPool - Connection pool was created
2021-10-06 13:08:52.893 [RMI TCP Connection(13)-127.0.0.1] INFO  epam.onlinepharmacy.model.connection.ConnectionPool - Connection pool was created
2021-10-06 13:11:39.369 [RMI TCP Connection(17)-127.0.0.1] INFO  epam.onlinepharmacy.model.connection.ConnectionPool - Connection pool was created
2021-10-06 13:34:49.147 [RMI TCP Connection(20)-127.0.0.1] INFO  epam.onlinepharmacy.model.connection.ConnectionPool - Connection pool was created
2021-10-06 14:00:53.510 [RMI TCP Connection(23)-127.0.0.1] INFO  epam.onlinepharmacy.model.connection.ConnectionPool - Connection pool was created
2021-10-06 14:02:30.063 [RMI TCP Connection(27)-127.0.0.1] INFO  epam.onlinepharmacy.model.connection.ConnectionPool - Connection pool was created
2021-10-07 13:26:46.089 [RMI TCP Connection(3)-127.0.0.1] INFO  epam.onlinepharmacy.model.connection.ConnectionPool - Connection pool was created
2021-10-07 13:33:06.944 [RMI TCP Connection(2)-127.0.0.1] INFO  epam.onlinepharmacy.model.connection.ConnectionPool - Connection pool was created
2021-10-07 13:55:13.785 [http-nio-8080-exec-5] ERROR onlinepharmacy.model.dao.impl.OrderDaoImpl - SQLException in method findProductsInOrder() 
java.sql.SQLException: After end of result set
	at com.mysql.cj.jdbc.exceptions.SQLError.createSQLException(SQLError.java:129) ~[mysql-connector-java-8.0.20.jar:8.0.20]
	at com.mysql.cj.jdbc.exceptions.SQLError.createSQLException(SQLError.java:97) ~[mysql-connector-java-8.0.20.jar:8.0.20]
	at com.mysql.cj.jdbc.exceptions.SQLError.createSQLException(SQLError.java:89) ~[mysql-connector-java-8.0.20.jar:8.0.20]
	at com.mysql.cj.jdbc.exceptions.SQLError.createSQLException(SQLError.java:63) ~[mysql-connector-java-8.0.20.jar:8.0.20]
	at com.mysql.cj.jdbc.result.ResultSetImpl.checkRowPos(ResultSetImpl.java:492) ~[mysql-connector-java-8.0.20.jar:8.0.20]
	at com.mysql.cj.jdbc.result.ResultSetImpl.getString(ResultSetImpl.java:845) ~[mysql-connector-java-8.0.20.jar:8.0.20]
	at com.mysql.cj.jdbc.result.ResultSetImpl.getString(ResultSetImpl.java:863) ~[mysql-connector-java-8.0.20.jar:8.0.20]
	at by.epam.onlinepharmacy.model.dao.impl.OrderDaoImpl.findBasketForOrder(OrderDaoImpl.java:157) [classes/:?]
	at by.epam.onlinepharmacy.model.service.impl.OrderServiceImpl.findBasketForOrder(OrderServiceImpl.java:105) [classes/:?]
	at by.epam.onlinepharmacy.controller.command.impl.pharmacist.BasketForOrderCommand.execute(BasketForOrderCommand.java:28) [classes/:?]
	at by.epam.onlinepharmacy.controller.Controller.processRequest(Controller.java:33) [classes/:?]
	at by.epam.onlinepharmacy.controller.Controller.doGet(Controller.java:22) [classes/:?]
	at javax.servlet.http.HttpServlet.service(HttpServlet.java:626) [servlet-api.jar:?]
	at javax.servlet.http.HttpServlet.service(HttpServlet.java:733) [servlet-api.jar:?]
	at org.apache.catalina.core.ApplicationFilterChain.internalDoFilter(ApplicationFilterChain.java:231) [catalina.jar:8.5.57]
	at org.apache.catalina.core.ApplicationFilterChain.doFilter(ApplicationFilterChain.java:166) [catalina.jar:8.5.57]
	at org.apache.tomcat.websocket.server.WsFilter.doFilter(WsFilter.java:52) [tomcat-websocket.jar:8.5.57]
	at org.apache.catalina.core.ApplicationFilterChain.internalDoFilter(ApplicationFilterChain.java:193) [catalina.jar:8.5.57]
	at org.apache.catalina.core.ApplicationFilterChain.doFilter(ApplicationFilterChain.java:166) [catalina.jar:8.5.57]
	at by.epam.onlinepharmacy.controller.filter.EncoderFilter.doFilter(EncoderFilter.java:30) [classes/:?]
	at org.apache.catalina.core.ApplicationFilterChain.internalDoFilter(ApplicationFilterChain.java:193) [catalina.jar:8.5.57]
	at org.apache.catalina.core.ApplicationFilterChain.doFilter(ApplicationFilterChain.java:166) [catalina.jar:8.5.57]
	at org.apache.catalina.core.StandardWrapperValve.invoke(StandardWrapperValve.java:199) [catalina.jar:8.5.57]
	at org.apache.catalina.core.StandardContextValve.invoke(StandardContextValve.java:96) [catalina.jar:8.5.57]
	at org.apache.catalina.authenticator.AuthenticatorBase.invoke(AuthenticatorBase.java:543) [catalina.jar:8.5.57]
	at org.apache.catalina.core.StandardHostValve.invoke(StandardHostValve.java:139) [catalina.jar:8.5.57]
	at org.apache.catalina.valves.ErrorReportValve.invoke(ErrorReportValve.java:81) [catalina.jar:8.5.57]
	at org.apache.catalina.valves.AbstractAccessLogValve.invoke(AbstractAccessLogValve.java:690) [catalina.jar:8.5.57]
	at org.apache.catalina.core.StandardEngineValve.invoke(StandardEngineValve.java:87) [catalina.jar:8.5.57]
	at org.apache.catalina.connector.CoyoteAdapter.service(CoyoteAdapter.java:343) [catalina.jar:8.5.57]
	at org.apache.coyote.http11.Http11Processor.service(Http11Processor.java:615) [tomcat-coyote.jar:8.5.57]
	at org.apache.coyote.AbstractProcessorLight.process(AbstractProcessorLight.java:65) [tomcat-coyote.jar:8.5.57]
	at org.apache.coyote.AbstractProtocol$ConnectionHandler.process(AbstractProtocol.java:818) [tomcat-coyote.jar:8.5.57]
	at org.apache.tomcat.util.net.NioEndpoint$SocketProcessor.doRun(NioEndpoint.java:1626) [tomcat-coyote.jar:8.5.57]
	at org.apache.tomcat.util.net.SocketProcessorBase.run(SocketProcessorBase.java:49) [tomcat-coyote.jar:8.5.57]
	at java.util.concurrent.ThreadPoolExecutor.runWorker(ThreadPoolExecutor.java:1130) [?:?]
	at java.util.concurrent.ThreadPoolExecutor$Worker.run(ThreadPoolExecutor.java:630) [?:?]
	at org.apache.tomcat.util.threads.TaskThread$WrappingRunnable.run(TaskThread.java:61) [tomcat-util.jar:8.5.57]
	at java.lang.Thread.run(Thread.java:831) [?:?]
2021-10-07 13:55:44.445 [http-nio-8080-exec-5] ERROR onlinepharmacy.model.service.impl.OrderServiceImpl - DaoException is in method findAllProductsInOrder() 
by.epam.onlinepharmacy.exception.DaoException: SQLException in method findProductsInOrder() 
	at by.epam.onlinepharmacy.model.dao.impl.OrderDaoImpl.findBasketForOrder(OrderDaoImpl.java:165) ~[classes/:?]
	at by.epam.onlinepharmacy.model.service.impl.OrderServiceImpl.findBasketForOrder(OrderServiceImpl.java:105) [classes/:?]
	at by.epam.onlinepharmacy.controller.command.impl.pharmacist.BasketForOrderCommand.execute(BasketForOrderCommand.java:28) [classes/:?]
	at by.epam.onlinepharmacy.controller.Controller.processRequest(Controller.java:33) [classes/:?]
	at by.epam.onlinepharmacy.controller.Controller.doGet(Controller.java:22) [classes/:?]
	at javax.servlet.http.HttpServlet.service(HttpServlet.java:626) [servlet-api.jar:?]
	at javax.servlet.http.HttpServlet.service(HttpServlet.java:733) [servlet-api.jar:?]
	at org.apache.catalina.core.ApplicationFilterChain.internalDoFilter(ApplicationFilterChain.java:231) [catalina.jar:8.5.57]
	at org.apache.catalina.core.ApplicationFilterChain.doFilter(ApplicationFilterChain.java:166) [catalina.jar:8.5.57]
	at org.apache.tomcat.websocket.server.WsFilter.doFilter(WsFilter.java:52) [tomcat-websocket.jar:8.5.57]
	at org.apache.catalina.core.ApplicationFilterChain.internalDoFilter(ApplicationFilterChain.java:193) [catalina.jar:8.5.57]
	at org.apache.catalina.core.ApplicationFilterChain.doFilter(ApplicationFilterChain.java:166) [catalina.jar:8.5.57]
	at by.epam.onlinepharmacy.controller.filter.EncoderFilter.doFilter(EncoderFilter.java:30) [classes/:?]
	at org.apache.catalina.core.ApplicationFilterChain.internalDoFilter(ApplicationFilterChain.java:193) [catalina.jar:8.5.57]
	at org.apache.catalina.core.ApplicationFilterChain.doFilter(ApplicationFilterChain.java:166) [catalina.jar:8.5.57]
	at org.apache.catalina.core.StandardWrapperValve.invoke(StandardWrapperValve.java:199) [catalina.jar:8.5.57]
	at org.apache.catalina.core.StandardContextValve.invoke(StandardContextValve.java:96) [catalina.jar:8.5.57]
	at org.apache.catalina.authenticator.AuthenticatorBase.invoke(AuthenticatorBase.java:543) [catalina.jar:8.5.57]
	at org.apache.catalina.core.StandardHostValve.invoke(StandardHostValve.java:139) [catalina.jar:8.5.57]
	at org.apache.catalina.valves.ErrorReportValve.invoke(ErrorReportValve.java:81) [catalina.jar:8.5.57]
	at org.apache.catalina.valves.AbstractAccessLogValve.invoke(AbstractAccessLogValve.java:690) [catalina.jar:8.5.57]
	at org.apache.catalina.core.StandardEngineValve.invoke(StandardEngineValve.java:87) [catalina.jar:8.5.57]
	at org.apache.catalina.connector.CoyoteAdapter.service(CoyoteAdapter.java:343) [catalina.jar:8.5.57]
	at org.apache.coyote.http11.Http11Processor.service(Http11Processor.java:615) [tomcat-coyote.jar:8.5.57]
	at org.apache.coyote.AbstractProcessorLight.process(AbstractProcessorLight.java:65) [tomcat-coyote.jar:8.5.57]
	at org.apache.coyote.AbstractProtocol$ConnectionHandler.process(AbstractProtocol.java:818) [tomcat-coyote.jar:8.5.57]
	at org.apache.tomcat.util.net.NioEndpoint$SocketProcessor.doRun(NioEndpoint.java:1626) [tomcat-coyote.jar:8.5.57]
	at org.apache.tomcat.util.net.SocketProcessorBase.run(SocketProcessorBase.java:49) [tomcat-coyote.jar:8.5.57]
	at java.util.concurrent.ThreadPoolExecutor.runWorker(ThreadPoolExecutor.java:1130) [?:?]
	at java.util.concurrent.ThreadPoolExecutor$Worker.run(ThreadPoolExecutor.java:630) [?:?]
	at org.apache.tomcat.util.threads.TaskThread$WrappingRunnable.run(TaskThread.java:61) [tomcat-util.jar:8.5.57]
	at java.lang.Thread.run(Thread.java:831) [?:?]
Caused by: java.sql.SQLException: After end of result set
	at com.mysql.cj.jdbc.exceptions.SQLError.createSQLException(SQLError.java:129) ~[mysql-connector-java-8.0.20.jar:8.0.20]
	at com.mysql.cj.jdbc.exceptions.SQLError.createSQLException(SQLError.java:97) ~[mysql-connector-java-8.0.20.jar:8.0.20]
	at com.mysql.cj.jdbc.exceptions.SQLError.createSQLException(SQLError.java:89) ~[mysql-connector-java-8.0.20.jar:8.0.20]
	at com.mysql.cj.jdbc.exceptions.SQLError.createSQLException(SQLError.java:63) ~[mysql-connector-java-8.0.20.jar:8.0.20]
	at com.mysql.cj.jdbc.result.ResultSetImpl.checkRowPos(ResultSetImpl.java:492) ~[mysql-connector-java-8.0.20.jar:8.0.20]
	at com.mysql.cj.jdbc.result.ResultSetImpl.getString(ResultSetImpl.java:845) ~[mysql-connector-java-8.0.20.jar:8.0.20]
	at com.mysql.cj.jdbc.result.ResultSetImpl.getString(ResultSetImpl.java:863) ~[mysql-connector-java-8.0.20.jar:8.0.20]
	at by.epam.onlinepharmacy.model.dao.impl.OrderDaoImpl.findBasketForOrder(OrderDaoImpl.java:157) ~[classes/:?]
	... 31 more
2021-10-07 13:55:44.451 [http-nio-8080-exec-5] ERROR controller.command.impl.pharmacist.BasketForOrderCommand - ServiceException in method execute while find all products in order or find order
by.epam.onlinepharmacy.exception.ServiceException: DaoException is in method findAllProductsInOrder() 
	at by.epam.onlinepharmacy.model.service.impl.OrderServiceImpl.findBasketForOrder(OrderServiceImpl.java:108) ~[classes/:?]
	at by.epam.onlinepharmacy.controller.command.impl.pharmacist.BasketForOrderCommand.execute(BasketForOrderCommand.java:28) [classes/:?]
	at by.epam.onlinepharmacy.controller.Controller.processRequest(Controller.java:33) [classes/:?]
	at by.epam.onlinepharmacy.controller.Controller.doGet(Controller.java:22) [classes/:?]
	at javax.servlet.http.HttpServlet.service(HttpServlet.java:626) [servlet-api.jar:?]
	at javax.servlet.http.HttpServlet.service(HttpServlet.java:733) [servlet-api.jar:?]
	at org.apache.catalina.core.ApplicationFilterChain.internalDoFilter(ApplicationFilterChain.java:231) [catalina.jar:8.5.57]
	at org.apache.catalina.core.ApplicationFilterChain.doFilter(ApplicationFilterChain.java:166) [catalina.jar:8.5.57]
	at org.apache.tomcat.websocket.server.WsFilter.doFilter(WsFilter.java:52) [tomcat-websocket.jar:8.5.57]
	at org.apache.catalina.core.ApplicationFilterChain.internalDoFilter(ApplicationFilterChain.java:193) [catalina.jar:8.5.57]
	at org.apache.catalina.core.ApplicationFilterChain.doFilter(ApplicationFilterChain.java:166) [catalina.jar:8.5.57]
	at by.epam.onlinepharmacy.controller.filter.EncoderFilter.doFilter(EncoderFilter.java:30) [classes/:?]
	at org.apache.catalina.core.ApplicationFilterChain.internalDoFilter(ApplicationFilterChain.java:193) [catalina.jar:8.5.57]
	at org.apache.catalina.core.ApplicationFilterChain.doFilter(ApplicationFilterChain.java:166) [catalina.jar:8.5.57]
	at org.apache.catalina.core.StandardWrapperValve.invoke(StandardWrapperValve.java:199) [catalina.jar:8.5.57]
	at org.apache.catalina.core.StandardContextValve.invoke(StandardContextValve.java:96) [catalina.jar:8.5.57]
	at org.apache.catalina.authenticator.AuthenticatorBase.invoke(AuthenticatorBase.java:543) [catalina.jar:8.5.57]
	at org.apache.catalina.core.StandardHostValve.invoke(StandardHostValve.java:139) [catalina.jar:8.5.57]
	at org.apache.catalina.valves.ErrorReportValve.invoke(ErrorReportValve.java:81) [catalina.jar:8.5.57]
	at org.apache.catalina.valves.AbstractAccessLogValve.invoke(AbstractAccessLogValve.java:690) [catalina.jar:8.5.57]
	at org.apache.catalina.core.StandardEngineValve.invoke(StandardEngineValve.java:87) [catalina.jar:8.5.57]
	at org.apache.catalina.connector.CoyoteAdapter.service(CoyoteAdapter.java:343) [catalina.jar:8.5.57]
	at org.apache.coyote.http11.Http11Processor.service(Http11Processor.java:615) [tomcat-coyote.jar:8.5.57]
	at org.apache.coyote.AbstractProcessorLight.process(AbstractProcessorLight.java:65) [tomcat-coyote.jar:8.5.57]
	at org.apache.coyote.AbstractProtocol$ConnectionHandler.process(AbstractProtocol.java:818) [tomcat-coyote.jar:8.5.57]
	at org.apache.tomcat.util.net.NioEndpoint$SocketProcessor.doRun(NioEndpoint.java:1626) [tomcat-coyote.jar:8.5.57]
	at org.apache.tomcat.util.net.SocketProcessorBase.run(SocketProcessorBase.java:49) [tomcat-coyote.jar:8.5.57]
	at java.util.concurrent.ThreadPoolExecutor.runWorker(ThreadPoolExecutor.java:1130) [?:?]
	at java.util.concurrent.ThreadPoolExecutor$Worker.run(ThreadPoolExecutor.java:630) [?:?]
	at org.apache.tomcat.util.threads.TaskThread$WrappingRunnable.run(TaskThread.java:61) [tomcat-util.jar:8.5.57]
	at java.lang.Thread.run(Thread.java:831) [?:?]
Caused by: by.epam.onlinepharmacy.exception.DaoException: SQLException in method findProductsInOrder() 
	at by.epam.onlinepharmacy.model.dao.impl.OrderDaoImpl.findBasketForOrder(OrderDaoImpl.java:165) ~[classes/:?]
	at by.epam.onlinepharmacy.model.service.impl.OrderServiceImpl.findBasketForOrder(OrderServiceImpl.java:105) ~[classes/:?]
	... 30 more
Caused by: java.sql.SQLException: After end of result set
	at com.mysql.cj.jdbc.exceptions.SQLError.createSQLException(SQLError.java:129) ~[mysql-connector-java-8.0.20.jar:8.0.20]
	at com.mysql.cj.jdbc.exceptions.SQLError.createSQLException(SQLError.java:97) ~[mysql-connector-java-8.0.20.jar:8.0.20]
	at com.mysql.cj.jdbc.exceptions.SQLError.createSQLException(SQLError.java:89) ~[mysql-connector-java-8.0.20.jar:8.0.20]
	at com.mysql.cj.jdbc.exceptions.SQLError.createSQLException(SQLError.java:63) ~[mysql-connector-java-8.0.20.jar:8.0.20]
	at com.mysql.cj.jdbc.result.ResultSetImpl.checkRowPos(ResultSetImpl.java:492) ~[mysql-connector-java-8.0.20.jar:8.0.20]
	at com.mysql.cj.jdbc.result.ResultSetImpl.getString(ResultSetImpl.java:845) ~[mysql-connector-java-8.0.20.jar:8.0.20]
	at com.mysql.cj.jdbc.result.ResultSetImpl.getString(ResultSetImpl.java:863) ~[mysql-connector-java-8.0.20.jar:8.0.20]
	at by.epam.onlinepharmacy.model.dao.impl.OrderDaoImpl.findBasketForOrder(OrderDaoImpl.java:157) ~[classes/:?]
	at by.epam.onlinepharmacy.model.service.impl.OrderServiceImpl.findBasketForOrder(OrderServiceImpl.java:105) ~[classes/:?]
	... 30 more
