2021-09-18 23:08:12.417 [http-nio-8080-exec-4] INFO  epam.onlinepharmacy.model.connection.ConnectionPool - Connection pool was created
2021-09-18 23:13:20.107 [http-nio-8080-exec-6] INFO  epam.onlinepharmacy.model.connection.ConnectionPool - Connection pool was created
2021-09-18 23:20:40.459 [http-nio-8080-exec-4] INFO  epam.onlinepharmacy.model.connection.ConnectionPool - Connection pool was created
2021-09-18 23:34:45.860 [http-nio-8080-exec-4] INFO  epam.onlinepharmacy.model.connection.ConnectionPool - Connection pool was created
2021-09-18 23:42:07.978 [http-nio-8080-exec-7] INFO  epam.onlinepharmacy.model.connection.ConnectionPool - Connection pool was created
2021-09-19 09:37:54.809 [http-nio-8080-exec-6] INFO  epam.onlinepharmacy.model.connection.ConnectionPool - Connection pool was created
2021-09-19 09:48:10.597 [http-nio-8080-exec-6] INFO  epam.onlinepharmacy.model.connection.ConnectionPool - Connection pool was created
2021-09-19 09:57:30.634 [http-nio-8080-exec-4] INFO  epam.onlinepharmacy.model.connection.ConnectionPool - Connection pool was created
2021-09-19 09:59:43.678 [http-nio-8080-exec-4] INFO  epam.onlinepharmacy.model.connection.ConnectionPool - Connection pool was created
2021-09-19 10:14:49.777 [http-nio-8080-exec-4] INFO  epam.onlinepharmacy.model.connection.ConnectionPool - Connection pool was created
2021-09-19 10:32:46.172 [http-nio-8080-exec-6] INFO  epam.onlinepharmacy.model.connection.ConnectionPool - Connection pool was created
2021-09-19 10:55:27.062 [http-nio-8080-exec-4] INFO  epam.onlinepharmacy.model.connection.ConnectionPool - Connection pool was created
2021-09-19 11:47:33.622 [http-nio-8080-exec-7] INFO  epam.onlinepharmacy.model.connection.ConnectionPool - Connection pool was created
2021-09-19 11:49:34.212 [http-nio-8080-exec-4] INFO  epam.onlinepharmacy.model.connection.ConnectionPool - Connection pool was created
2021-09-19 14:17:51.785 [http-nio-8080-exec-5] INFO  epam.onlinepharmacy.model.connection.ConnectionPool - Connection pool was created
2021-09-19 14:33:31.273 [http-nio-8080-exec-4] INFO  epam.onlinepharmacy.model.connection.ConnectionPool - Connection pool was created
2021-09-19 16:10:10.069 [http-nio-8080-exec-4] INFO  epam.onlinepharmacy.model.connection.ConnectionPool - Connection pool was created
2021-09-19 18:28:32.274 [http-nio-8080-exec-2] INFO  epam.onlinepharmacy.model.connection.ConnectionPool - Connection pool was created
2021-09-19 18:30:20.784 [http-nio-8080-exec-4] INFO  epam.onlinepharmacy.model.connection.ConnectionPool - Connection pool was created
2021-09-20 11:34:23.915 [http-nio-8080-exec-4] INFO  epam.onlinepharmacy.model.connection.ConnectionPool - Connection pool was created
2021-09-20 11:37:35.301 [http-nio-8080-exec-8] INFO  epam.onlinepharmacy.model.connection.ConnectionPool - Connection pool was created
2021-09-20 11:47:07.077 [http-nio-8080-exec-5] INFO  epam.onlinepharmacy.model.connection.ConnectionPool - Connection pool was created
2021-09-20 11:58:58.879 [http-nio-8080-exec-6] INFO  epam.onlinepharmacy.model.connection.ConnectionPool - Connection pool was created
2021-09-20 13:06:49.878 [http-nio-8080-exec-4] INFO  epam.onlinepharmacy.model.connection.ConnectionPool - Connection pool was created
2021-09-20 13:17:26.772 [http-nio-8080-exec-3] INFO  epam.onlinepharmacy.model.connection.ConnectionPool - Connection pool was created
2021-09-20 13:19:55.451 [http-nio-8080-exec-5] INFO  epam.onlinepharmacy.model.connection.ConnectionPool - Connection pool was created
2021-09-20 14:13:22.826 [http-nio-8080-exec-4] INFO  epam.onlinepharmacy.model.connection.ConnectionPool - Connection pool was created
2021-09-20 14:15:56.851 [http-nio-8080-exec-7] ERROR onlinepharmacy.model.dao.impl.ProductDaoImpl - SQLException in method findAllProducts() 
java.sql.SQLSyntaxErrorException: You have an error in your SQL syntax; check the manual that corresponds to your MySQL server version for the right syntax to use near '-5, 5' at line 1
	at com.mysql.cj.jdbc.exceptions.SQLError.createSQLException(SQLError.java:120) ~[mysql-connector-java-8.0.20.jar:8.0.20]
	at com.mysql.cj.jdbc.exceptions.SQLError.createSQLException(SQLError.java:97) ~[mysql-connector-java-8.0.20.jar:8.0.20]
	at com.mysql.cj.jdbc.exceptions.SQLExceptionsMapping.translateException(SQLExceptionsMapping.java:122) ~[mysql-connector-java-8.0.20.jar:8.0.20]
	at com.mysql.cj.jdbc.ClientPreparedStatement.executeInternal(ClientPreparedStatement.java:953) ~[mysql-connector-java-8.0.20.jar:?]
	at com.mysql.cj.jdbc.ClientPreparedStatement.executeQuery(ClientPreparedStatement.java:1003) ~[mysql-connector-java-8.0.20.jar:?]
	at by.epam.onlinepharmacy.model.dao.impl.ProductDaoImpl.findProducts(ProductDaoImpl.java:98) [classes/:?]
	at by.epam.onlinepharmacy.model.service.impl.ProductServiceImpl.findListProducts(ProductServiceImpl.java:114) [classes/:?]
	at by.epam.onlinepharmacy.controller.command.impl.admin.AdditionProductCommand.execute(AdditionProductCommand.java:66) [classes/:?]
	at by.epam.onlinepharmacy.controller.Controller.processRequest(Controller.java:33) [classes/:?]
	at by.epam.onlinepharmacy.controller.Controller.doPost(Controller.java:27) [classes/:?]
	at javax.servlet.http.HttpServlet.service(HttpServlet.java:652) [servlet-api.jar:?]
	at javax.servlet.http.HttpServlet.service(HttpServlet.java:733) [servlet-api.jar:?]
	at org.apache.catalina.core.ApplicationFilterChain.internalDoFilter(ApplicationFilterChain.java:231) [catalina.jar:8.5.57]
	at org.apache.catalina.core.ApplicationFilterChain.doFilter(ApplicationFilterChain.java:166) [catalina.jar:8.5.57]
	at org.apache.tomcat.websocket.server.WsFilter.doFilter(WsFilter.java:52) [tomcat-websocket.jar:8.5.57]
	at org.apache.catalina.core.ApplicationFilterChain.internalDoFilter(ApplicationFilterChain.java:193) [catalina.jar:8.5.57]
	at org.apache.catalina.core.ApplicationFilterChain.doFilter(ApplicationFilterChain.java:166) [catalina.jar:8.5.57]
	at by.epam.onlinepharmacy.controller.filter.EncoderFilter.doFilter(EncoderFilter.java:30) [classes/:?]
	at org.apache.catalina.core.ApplicationFilterChain.internalDoFilter(ApplicationFilterChain.java:193) [catalina.jar:8.5.57]
	at org.apache.catalina.core.ApplicationFilterChain.doFilter(ApplicationFilterChain.java:166) [catalina.jar:8.5.57]
	at org.apache.catalina.core.StandardWrapperValve.invoke(StandardWrapperValve.java:199) [catalina.jar:8.5.57]
	at org.apache.catalina.core.StandardContextValve.invoke(StandardContextValve.java:96) [catalina.jar:8.5.57]
	at org.apache.catalina.authenticator.AuthenticatorBase.invoke(AuthenticatorBase.java:543) [catalina.jar:8.5.57]
	at org.apache.catalina.core.StandardHostValve.invoke(StandardHostValve.java:139) [catalina.jar:8.5.57]
	at org.apache.catalina.valves.ErrorReportValve.invoke(ErrorReportValve.java:81) [catalina.jar:8.5.57]
	at org.apache.catalina.valves.AbstractAccessLogValve.invoke(AbstractAccessLogValve.java:690) [catalina.jar:8.5.57]
	at org.apache.catalina.core.StandardEngineValve.invoke(StandardEngineValve.java:87) [catalina.jar:8.5.57]
	at org.apache.catalina.connector.CoyoteAdapter.service(CoyoteAdapter.java:343) [catalina.jar:8.5.57]
	at org.apache.coyote.http11.Http11Processor.service(Http11Processor.java:615) [tomcat-coyote.jar:8.5.57]
	at org.apache.coyote.AbstractProcessorLight.process(AbstractProcessorLight.java:65) [tomcat-coyote.jar:8.5.57]
	at org.apache.coyote.AbstractProtocol$ConnectionHandler.process(AbstractProtocol.java:818) [tomcat-coyote.jar:8.5.57]
	at org.apache.tomcat.util.net.NioEndpoint$SocketProcessor.doRun(NioEndpoint.java:1626) [tomcat-coyote.jar:8.5.57]
	at org.apache.tomcat.util.net.SocketProcessorBase.run(SocketProcessorBase.java:49) [tomcat-coyote.jar:8.5.57]
	at java.util.concurrent.ThreadPoolExecutor.runWorker(ThreadPoolExecutor.java:1130) [?:?]
	at java.util.concurrent.ThreadPoolExecutor$Worker.run(ThreadPoolExecutor.java:630) [?:?]
	at org.apache.tomcat.util.threads.TaskThread$WrappingRunnable.run(TaskThread.java:61) [tomcat-util.jar:8.5.57]
	at java.lang.Thread.run(Thread.java:831) [?:?]
2021-09-20 14:15:56.930 [http-nio-8080-exec-7] ERROR onlinepharmacy.model.service.impl.ProductServiceImpl - DaoException is in method findListProducts() 
by.epam.onlinepharmacy.exception.DaoException: SQLException in method findAllProducts() 
	at by.epam.onlinepharmacy.model.dao.impl.ProductDaoImpl.findProducts(ProductDaoImpl.java:113) ~[classes/:?]
	at by.epam.onlinepharmacy.model.service.impl.ProductServiceImpl.findListProducts(ProductServiceImpl.java:114) [classes/:?]
	at by.epam.onlinepharmacy.controller.command.impl.admin.AdditionProductCommand.execute(AdditionProductCommand.java:66) [classes/:?]
	at by.epam.onlinepharmacy.controller.Controller.processRequest(Controller.java:33) [classes/:?]
	at by.epam.onlinepharmacy.controller.Controller.doPost(Controller.java:27) [classes/:?]
	at javax.servlet.http.HttpServlet.service(HttpServlet.java:652) [servlet-api.jar:?]
	at javax.servlet.http.HttpServlet.service(HttpServlet.java:733) [servlet-api.jar:?]
	at org.apache.catalina.core.ApplicationFilterChain.internalDoFilter(ApplicationFilterChain.java:231) [catalina.jar:8.5.57]
	at org.apache.catalina.core.ApplicationFilterChain.doFilter(ApplicationFilterChain.java:166) [catalina.jar:8.5.57]
	at org.apache.tomcat.websocket.server.WsFilter.doFilter(WsFilter.java:52) [tomcat-websocket.jar:8.5.57]
	at org.apache.catalina.core.ApplicationFilterChain.internalDoFilter(ApplicationFilterChain.java:193) [catalina.jar:8.5.57]
	at org.apache.catalina.core.ApplicationFilterChain.doFilter(ApplicationFilterChain.java:166) [catalina.jar:8.5.57]
	at by.epam.onlinepharmacy.controller.filter.EncoderFilter.doFilter(EncoderFilter.java:30) [classes/:?]
	at org.apache.catalina.core.ApplicationFilterChain.internalDoFilter(ApplicationFilterChain.java:193) [catalina.jar:8.5.57]
	at org.apache.catalina.core.ApplicationFilterChain.doFilter(ApplicationFilterChain.java:166) [catalina.jar:8.5.57]
	at org.apache.catalina.core.StandardWrapperValve.invoke(StandardWrapperValve.java:199) [catalina.jar:8.5.57]
	at org.apache.catalina.core.StandardContextValve.invoke(StandardContextValve.java:96) [catalina.jar:8.5.57]
	at org.apache.catalina.authenticator.AuthenticatorBase.invoke(AuthenticatorBase.java:543) [catalina.jar:8.5.57]
	at org.apache.catalina.core.StandardHostValve.invoke(StandardHostValve.java:139) [catalina.jar:8.5.57]
	at org.apache.catalina.valves.ErrorReportValve.invoke(ErrorReportValve.java:81) [catalina.jar:8.5.57]
	at org.apache.catalina.valves.AbstractAccessLogValve.invoke(AbstractAccessLogValve.java:690) [catalina.jar:8.5.57]
	at org.apache.catalina.core.StandardEngineValve.invoke(StandardEngineValve.java:87) [catalina.jar:8.5.57]
	at org.apache.catalina.connector.CoyoteAdapter.service(CoyoteAdapter.java:343) [catalina.jar:8.5.57]
	at org.apache.coyote.http11.Http11Processor.service(Http11Processor.java:615) [tomcat-coyote.jar:8.5.57]
	at org.apache.coyote.AbstractProcessorLight.process(AbstractProcessorLight.java:65) [tomcat-coyote.jar:8.5.57]
	at org.apache.coyote.AbstractProtocol$ConnectionHandler.process(AbstractProtocol.java:818) [tomcat-coyote.jar:8.5.57]
	at org.apache.tomcat.util.net.NioEndpoint$SocketProcessor.doRun(NioEndpoint.java:1626) [tomcat-coyote.jar:8.5.57]
	at org.apache.tomcat.util.net.SocketProcessorBase.run(SocketProcessorBase.java:49) [tomcat-coyote.jar:8.5.57]
	at java.util.concurrent.ThreadPoolExecutor.runWorker(ThreadPoolExecutor.java:1130) [?:?]
	at java.util.concurrent.ThreadPoolExecutor$Worker.run(ThreadPoolExecutor.java:630) [?:?]
	at org.apache.tomcat.util.threads.TaskThread$WrappingRunnable.run(TaskThread.java:61) [tomcat-util.jar:8.5.57]
	at java.lang.Thread.run(Thread.java:831) [?:?]
Caused by: java.sql.SQLSyntaxErrorException: You have an error in your SQL syntax; check the manual that corresponds to your MySQL server version for the right syntax to use near '-5, 5' at line 1
	at com.mysql.cj.jdbc.exceptions.SQLError.createSQLException(SQLError.java:120) ~[mysql-connector-java-8.0.20.jar:8.0.20]
	at com.mysql.cj.jdbc.exceptions.SQLError.createSQLException(SQLError.java:97) ~[mysql-connector-java-8.0.20.jar:8.0.20]
	at com.mysql.cj.jdbc.exceptions.SQLExceptionsMapping.translateException(SQLExceptionsMapping.java:122) ~[mysql-connector-java-8.0.20.jar:8.0.20]
	at com.mysql.cj.jdbc.ClientPreparedStatement.executeInternal(ClientPreparedStatement.java:953) ~[mysql-connector-java-8.0.20.jar:?]
	at com.mysql.cj.jdbc.ClientPreparedStatement.executeQuery(ClientPreparedStatement.java:1003) ~[mysql-connector-java-8.0.20.jar:?]
	at by.epam.onlinepharmacy.model.dao.impl.ProductDaoImpl.findProducts(ProductDaoImpl.java:98) ~[classes/:?]
	... 31 more
2021-09-20 14:15:56.937 [http-nio-8080-exec-7] ERROR controller.command.impl.admin.AdditionProductCommand - ServiceException in method execute while find current products 
by.epam.onlinepharmacy.exception.ServiceException: DaoException is in method findListProducts() 
	at by.epam.onlinepharmacy.model.service.impl.ProductServiceImpl.findListProducts(ProductServiceImpl.java:127) ~[classes/:?]
	at by.epam.onlinepharmacy.controller.command.impl.admin.AdditionProductCommand.execute(AdditionProductCommand.java:66) [classes/:?]
	at by.epam.onlinepharmacy.controller.Controller.processRequest(Controller.java:33) [classes/:?]
	at by.epam.onlinepharmacy.controller.Controller.doPost(Controller.java:27) [classes/:?]
	at javax.servlet.http.HttpServlet.service(HttpServlet.java:652) [servlet-api.jar:?]
	at javax.servlet.http.HttpServlet.service(HttpServlet.java:733) [servlet-api.jar:?]
	at org.apache.catalina.core.ApplicationFilterChain.internalDoFilter(ApplicationFilterChain.java:231) [catalina.jar:8.5.57]
	at org.apache.catalina.core.ApplicationFilterChain.doFilter(ApplicationFilterChain.java:166) [catalina.jar:8.5.57]
	at org.apache.tomcat.websocket.server.WsFilter.doFilter(WsFilter.java:52) [tomcat-websocket.jar:8.5.57]
	at org.apache.catalina.core.ApplicationFilterChain.internalDoFilter(ApplicationFilterChain.java:193) [catalina.jar:8.5.57]
	at org.apache.catalina.core.ApplicationFilterChain.doFilter(ApplicationFilterChain.java:166) [catalina.jar:8.5.57]
	at by.epam.onlinepharmacy.controller.filter.EncoderFilter.doFilter(EncoderFilter.java:30) [classes/:?]
	at org.apache.catalina.core.ApplicationFilterChain.internalDoFilter(ApplicationFilterChain.java:193) [catalina.jar:8.5.57]
	at org.apache.catalina.core.ApplicationFilterChain.doFilter(ApplicationFilterChain.java:166) [catalina.jar:8.5.57]
	at org.apache.catalina.core.StandardWrapperValve.invoke(StandardWrapperValve.java:199) [catalina.jar:8.5.57]
	at org.apache.catalina.core.StandardContextValve.invoke(StandardContextValve.java:96) [catalina.jar:8.5.57]
	at org.apache.catalina.authenticator.AuthenticatorBase.invoke(AuthenticatorBase.java:543) [catalina.jar:8.5.57]
	at org.apache.catalina.core.StandardHostValve.invoke(StandardHostValve.java:139) [catalina.jar:8.5.57]
	at org.apache.catalina.valves.ErrorReportValve.invoke(ErrorReportValve.java:81) [catalina.jar:8.5.57]
	at org.apache.catalina.valves.AbstractAccessLogValve.invoke(AbstractAccessLogValve.java:690) [catalina.jar:8.5.57]
	at org.apache.catalina.core.StandardEngineValve.invoke(StandardEngineValve.java:87) [catalina.jar:8.5.57]
	at org.apache.catalina.connector.CoyoteAdapter.service(CoyoteAdapter.java:343) [catalina.jar:8.5.57]
	at org.apache.coyote.http11.Http11Processor.service(Http11Processor.java:615) [tomcat-coyote.jar:8.5.57]
	at org.apache.coyote.AbstractProcessorLight.process(AbstractProcessorLight.java:65) [tomcat-coyote.jar:8.5.57]
	at org.apache.coyote.AbstractProtocol$ConnectionHandler.process(AbstractProtocol.java:818) [tomcat-coyote.jar:8.5.57]
	at org.apache.tomcat.util.net.NioEndpoint$SocketProcessor.doRun(NioEndpoint.java:1626) [tomcat-coyote.jar:8.5.57]
	at org.apache.tomcat.util.net.SocketProcessorBase.run(SocketProcessorBase.java:49) [tomcat-coyote.jar:8.5.57]
	at java.util.concurrent.ThreadPoolExecutor.runWorker(ThreadPoolExecutor.java:1130) [?:?]
	at java.util.concurrent.ThreadPoolExecutor$Worker.run(ThreadPoolExecutor.java:630) [?:?]
	at org.apache.tomcat.util.threads.TaskThread$WrappingRunnable.run(TaskThread.java:61) [tomcat-util.jar:8.5.57]
	at java.lang.Thread.run(Thread.java:831) [?:?]
Caused by: by.epam.onlinepharmacy.exception.DaoException: SQLException in method findAllProducts() 
	at by.epam.onlinepharmacy.model.dao.impl.ProductDaoImpl.findProducts(ProductDaoImpl.java:113) ~[classes/:?]
	at by.epam.onlinepharmacy.model.service.impl.ProductServiceImpl.findListProducts(ProductServiceImpl.java:114) ~[classes/:?]
	... 30 more
Caused by: java.sql.SQLSyntaxErrorException: You have an error in your SQL syntax; check the manual that corresponds to your MySQL server version for the right syntax to use near '-5, 5' at line 1
	at com.mysql.cj.jdbc.exceptions.SQLError.createSQLException(SQLError.java:120) ~[mysql-connector-java-8.0.20.jar:8.0.20]
	at com.mysql.cj.jdbc.exceptions.SQLError.createSQLException(SQLError.java:97) ~[mysql-connector-java-8.0.20.jar:8.0.20]
	at com.mysql.cj.jdbc.exceptions.SQLExceptionsMapping.translateException(SQLExceptionsMapping.java:122) ~[mysql-connector-java-8.0.20.jar:8.0.20]
	at com.mysql.cj.jdbc.ClientPreparedStatement.executeInternal(ClientPreparedStatement.java:953) ~[mysql-connector-java-8.0.20.jar:?]
	at com.mysql.cj.jdbc.ClientPreparedStatement.executeQuery(ClientPreparedStatement.java:1003) ~[mysql-connector-java-8.0.20.jar:?]
	at by.epam.onlinepharmacy.model.dao.impl.ProductDaoImpl.findProducts(ProductDaoImpl.java:98) ~[classes/:?]
	at by.epam.onlinepharmacy.model.service.impl.ProductServiceImpl.findListProducts(ProductServiceImpl.java:114) ~[classes/:?]
	... 30 more
