2021-09-23 21:06:02.462 [http-nio-8080-exec-4] INFO  epam.onlinepharmacy.model.connection.ConnectionPool - Connection pool was created
2021-09-23 21:06:05.269 [http-nio-8080-exec-5] ERROR onlinepharmacy.model.dao.impl.ProductDaoImpl - SQLException in method findListProducts() 
java.sql.SQLException: Column 'product_plant' not found.
	at com.mysql.cj.jdbc.exceptions.SQLError.createSQLException(SQLError.java:129) ~[mysql-connector-java-8.0.20.jar:8.0.20]
	at com.mysql.cj.jdbc.exceptions.SQLError.createSQLException(SQLError.java:97) ~[mysql-connector-java-8.0.20.jar:8.0.20]
	at com.mysql.cj.jdbc.exceptions.SQLError.createSQLException(SQLError.java:89) ~[mysql-connector-java-8.0.20.jar:8.0.20]
	at com.mysql.cj.jdbc.exceptions.SQLError.createSQLException(SQLError.java:63) ~[mysql-connector-java-8.0.20.jar:8.0.20]
	at com.mysql.cj.jdbc.result.ResultSetImpl.findColumn(ResultSetImpl.java:556) ~[mysql-connector-java-8.0.20.jar:8.0.20]
	at com.mysql.cj.jdbc.result.ResultSetImpl.getString(ResultSetImpl.java:863) ~[mysql-connector-java-8.0.20.jar:8.0.20]
	at by.epam.onlinepharmacy.model.dao.impl.ProductDaoImpl.findListProducts(ProductDaoImpl.java:109) [classes/:?]
	at by.epam.onlinepharmacy.model.service.impl.ProductServiceImpl.findListProducts(ProductServiceImpl.java:121) [classes/:?]
	at by.epam.onlinepharmacy.controller.command.impl.admin.AllProductsPageCommand.execute(AllProductsPageCommand.java:47) [classes/:?]
	at by.epam.onlinepharmacy.controller.Controller.processRequest(Controller.java:33) [classes/:?]
	at by.epam.onlinepharmacy.controller.Controller.doGet(Controller.java:22) [classes/:?]
	at javax.servlet.http.HttpServlet.service(HttpServlet.java:626) [servlet-api.jar:?]
	at javax.servlet.http.HttpServlet.service(HttpServlet.java:733) [servlet-api.jar:?]
	at org.apache.catalina.core.ApplicationFilterChain.internalDoFilter(ApplicationFilterChain.java:231) [catalina.jar:8.5.57]
	at org.apache.catalina.core.ApplicationFilterChain.doFilter(ApplicationFilterChain.java:166) [catalina.jar:8.5.57]
	at org.apache.tomcat.websocket.server.WsFilter.doFilter(WsFilter.java:52) [tomcat-websocket.jar:8.5.57]
	at org.apache.catalina.core.ApplicationFilterChain.internalDoFilter(ApplicationFilterChain.java:193) [catalina.jar:8.5.57]
	at org.apache.catalina.core.ApplicationFilterChain.doFilter(ApplicationFilterChain.java:166) [catalina.jar:8.5.57]
	at by.epam.onlinepharmacy.controller.filter.EncoderFilter.doFilter(EncoderFilter.java:30) [classes/:?]
	at org.apache.catalina.core.ApplicationFilterChain.internalDoFilter(ApplicationFilterChain.java:193) [catalina.jar:8.5.57]
	at org.apache.catalina.core.ApplicationFilterChain.doFilter(ApplicationFilterChain.java:166) [catalina.jar:8.5.57]
	at org.apache.catalina.core.StandardWrapperValve.invoke(StandardWrapperValve.java:199) [catalina.jar:8.5.57]
	at org.apache.catalina.core.StandardContextValve.invoke(StandardContextValve.java:96) [catalina.jar:8.5.57]
	at org.apache.catalina.authenticator.AuthenticatorBase.invoke(AuthenticatorBase.java:543) [catalina.jar:8.5.57]
	at org.apache.catalina.core.StandardHostValve.invoke(StandardHostValve.java:139) [catalina.jar:8.5.57]
	at org.apache.catalina.valves.ErrorReportValve.invoke(ErrorReportValve.java:81) [catalina.jar:8.5.57]
	at org.apache.catalina.valves.AbstractAccessLogValve.invoke(AbstractAccessLogValve.java:690) [catalina.jar:8.5.57]
	at org.apache.catalina.core.StandardEngineValve.invoke(StandardEngineValve.java:87) [catalina.jar:8.5.57]
	at org.apache.catalina.connector.CoyoteAdapter.service(CoyoteAdapter.java:343) [catalina.jar:8.5.57]
	at org.apache.coyote.http11.Http11Processor.service(Http11Processor.java:615) [tomcat-coyote.jar:8.5.57]
	at org.apache.coyote.AbstractProcessorLight.process(AbstractProcessorLight.java:65) [tomcat-coyote.jar:8.5.57]
	at org.apache.coyote.AbstractProtocol$ConnectionHandler.process(AbstractProtocol.java:818) [tomcat-coyote.jar:8.5.57]
	at org.apache.tomcat.util.net.NioEndpoint$SocketProcessor.doRun(NioEndpoint.java:1626) [tomcat-coyote.jar:8.5.57]
	at org.apache.tomcat.util.net.SocketProcessorBase.run(SocketProcessorBase.java:49) [tomcat-coyote.jar:8.5.57]
	at java.util.concurrent.ThreadPoolExecutor.runWorker(ThreadPoolExecutor.java:1130) [?:?]
	at java.util.concurrent.ThreadPoolExecutor$Worker.run(ThreadPoolExecutor.java:630) [?:?]
	at org.apache.tomcat.util.threads.TaskThread$WrappingRunnable.run(TaskThread.java:61) [tomcat-util.jar:8.5.57]
	at java.lang.Thread.run(Thread.java:831) [?:?]
2021-09-23 21:06:05.299 [http-nio-8080-exec-5] ERROR onlinepharmacy.model.service.impl.ProductServiceImpl - DaoException is in method findListProducts() 
by.epam.onlinepharmacy.exception.DaoException: SQLException in method findListProducts() 
	at by.epam.onlinepharmacy.model.dao.impl.ProductDaoImpl.findListProducts(ProductDaoImpl.java:120) ~[classes/:?]
	at by.epam.onlinepharmacy.model.service.impl.ProductServiceImpl.findListProducts(ProductServiceImpl.java:121) [classes/:?]
	at by.epam.onlinepharmacy.controller.command.impl.admin.AllProductsPageCommand.execute(AllProductsPageCommand.java:47) [classes/:?]
	at by.epam.onlinepharmacy.controller.Controller.processRequest(Controller.java:33) [classes/:?]
	at by.epam.onlinepharmacy.controller.Controller.doGet(Controller.java:22) [classes/:?]
	at javax.servlet.http.HttpServlet.service(HttpServlet.java:626) [servlet-api.jar:?]
	at javax.servlet.http.HttpServlet.service(HttpServlet.java:733) [servlet-api.jar:?]
	at org.apache.catalina.core.ApplicationFilterChain.internalDoFilter(ApplicationFilterChain.java:231) [catalina.jar:8.5.57]
	at org.apache.catalina.core.ApplicationFilterChain.doFilter(ApplicationFilterChain.java:166) [catalina.jar:8.5.57]
	at org.apache.tomcat.websocket.server.WsFilter.doFilter(WsFilter.java:52) [tomcat-websocket.jar:8.5.57]
	at org.apache.catalina.core.ApplicationFilterChain.internalDoFilter(ApplicationFilterChain.java:193) [catalina.jar:8.5.57]
	at org.apache.catalina.core.ApplicationFilterChain.doFilter(ApplicationFilterChain.java:166) [catalina.jar:8.5.57]
	at by.epam.onlinepharmacy.controller.filter.EncoderFilter.doFilter(EncoderFilter.java:30) [classes/:?]
	at org.apache.catalina.core.ApplicationFilterChain.internalDoFilter(ApplicationFilterChain.java:193) [catalina.jar:8.5.57]
	at org.apache.catalina.core.ApplicationFilterChain.doFilter(ApplicationFilterChain.java:166) [catalina.jar:8.5.57]
	at org.apache.catalina.core.StandardWrapperValve.invoke(StandardWrapperValve.java:199) [catalina.jar:8.5.57]
	at org.apache.catalina.core.StandardContextValve.invoke(StandardContextValve.java:96) [catalina.jar:8.5.57]
	at org.apache.catalina.authenticator.AuthenticatorBase.invoke(AuthenticatorBase.java:543) [catalina.jar:8.5.57]
	at org.apache.catalina.core.StandardHostValve.invoke(StandardHostValve.java:139) [catalina.jar:8.5.57]
	at org.apache.catalina.valves.ErrorReportValve.invoke(ErrorReportValve.java:81) [catalina.jar:8.5.57]
	at org.apache.catalina.valves.AbstractAccessLogValve.invoke(AbstractAccessLogValve.java:690) [catalina.jar:8.5.57]
	at org.apache.catalina.core.StandardEngineValve.invoke(StandardEngineValve.java:87) [catalina.jar:8.5.57]
	at org.apache.catalina.connector.CoyoteAdapter.service(CoyoteAdapter.java:343) [catalina.jar:8.5.57]
	at org.apache.coyote.http11.Http11Processor.service(Http11Processor.java:615) [tomcat-coyote.jar:8.5.57]
	at org.apache.coyote.AbstractProcessorLight.process(AbstractProcessorLight.java:65) [tomcat-coyote.jar:8.5.57]
	at org.apache.coyote.AbstractProtocol$ConnectionHandler.process(AbstractProtocol.java:818) [tomcat-coyote.jar:8.5.57]
	at org.apache.tomcat.util.net.NioEndpoint$SocketProcessor.doRun(NioEndpoint.java:1626) [tomcat-coyote.jar:8.5.57]
	at org.apache.tomcat.util.net.SocketProcessorBase.run(SocketProcessorBase.java:49) [tomcat-coyote.jar:8.5.57]
	at java.util.concurrent.ThreadPoolExecutor.runWorker(ThreadPoolExecutor.java:1130) [?:?]
	at java.util.concurrent.ThreadPoolExecutor$Worker.run(ThreadPoolExecutor.java:630) [?:?]
	at org.apache.tomcat.util.threads.TaskThread$WrappingRunnable.run(TaskThread.java:61) [tomcat-util.jar:8.5.57]
	at java.lang.Thread.run(Thread.java:831) [?:?]
Caused by: java.sql.SQLException: Column 'product_plant' not found.
	at com.mysql.cj.jdbc.exceptions.SQLError.createSQLException(SQLError.java:129) ~[mysql-connector-java-8.0.20.jar:8.0.20]
	at com.mysql.cj.jdbc.exceptions.SQLError.createSQLException(SQLError.java:97) ~[mysql-connector-java-8.0.20.jar:8.0.20]
	at com.mysql.cj.jdbc.exceptions.SQLError.createSQLException(SQLError.java:89) ~[mysql-connector-java-8.0.20.jar:8.0.20]
	at com.mysql.cj.jdbc.exceptions.SQLError.createSQLException(SQLError.java:63) ~[mysql-connector-java-8.0.20.jar:8.0.20]
	at com.mysql.cj.jdbc.result.ResultSetImpl.findColumn(ResultSetImpl.java:556) ~[mysql-connector-java-8.0.20.jar:8.0.20]
	at com.mysql.cj.jdbc.result.ResultSetImpl.getString(ResultSetImpl.java:863) ~[mysql-connector-java-8.0.20.jar:8.0.20]
	at by.epam.onlinepharmacy.model.dao.impl.ProductDaoImpl.findListProducts(ProductDaoImpl.java:109) ~[classes/:?]
	... 31 more
2021-09-23 21:06:05.301 [http-nio-8080-exec-5] ERROR controller.command.impl.admin.AllProductsPageCommand - ServiceException in method execute while find list products 
by.epam.onlinepharmacy.exception.ServiceException: DaoException is in method findListProducts() 
	at by.epam.onlinepharmacy.model.service.impl.ProductServiceImpl.findListProducts(ProductServiceImpl.java:135) ~[classes/:?]
	at by.epam.onlinepharmacy.controller.command.impl.admin.AllProductsPageCommand.execute(AllProductsPageCommand.java:47) [classes/:?]
	at by.epam.onlinepharmacy.controller.Controller.processRequest(Controller.java:33) [classes/:?]
	at by.epam.onlinepharmacy.controller.Controller.doGet(Controller.java:22) [classes/:?]
	at javax.servlet.http.HttpServlet.service(HttpServlet.java:626) [servlet-api.jar:?]
	at javax.servlet.http.HttpServlet.service(HttpServlet.java:733) [servlet-api.jar:?]
	at org.apache.catalina.core.ApplicationFilterChain.internalDoFilter(ApplicationFilterChain.java:231) [catalina.jar:8.5.57]
	at org.apache.catalina.core.ApplicationFilterChain.doFilter(ApplicationFilterChain.java:166) [catalina.jar:8.5.57]
	at org.apache.tomcat.websocket.server.WsFilter.doFilter(WsFilter.java:52) [tomcat-websocket.jar:8.5.57]
	at org.apache.catalina.core.ApplicationFilterChain.internalDoFilter(ApplicationFilterChain.java:193) [catalina.jar:8.5.57]
	at org.apache.catalina.core.ApplicationFilterChain.doFilter(ApplicationFilterChain.java:166) [catalina.jar:8.5.57]
	at by.epam.onlinepharmacy.controller.filter.EncoderFilter.doFilter(EncoderFilter.java:30) [classes/:?]
	at org.apache.catalina.core.ApplicationFilterChain.internalDoFilter(ApplicationFilterChain.java:193) [catalina.jar:8.5.57]
	at org.apache.catalina.core.ApplicationFilterChain.doFilter(ApplicationFilterChain.java:166) [catalina.jar:8.5.57]
	at org.apache.catalina.core.StandardWrapperValve.invoke(StandardWrapperValve.java:199) [catalina.jar:8.5.57]
	at org.apache.catalina.core.StandardContextValve.invoke(StandardContextValve.java:96) [catalina.jar:8.5.57]
	at org.apache.catalina.authenticator.AuthenticatorBase.invoke(AuthenticatorBase.java:543) [catalina.jar:8.5.57]
	at org.apache.catalina.core.StandardHostValve.invoke(StandardHostValve.java:139) [catalina.jar:8.5.57]
	at org.apache.catalina.valves.ErrorReportValve.invoke(ErrorReportValve.java:81) [catalina.jar:8.5.57]
	at org.apache.catalina.valves.AbstractAccessLogValve.invoke(AbstractAccessLogValve.java:690) [catalina.jar:8.5.57]
	at org.apache.catalina.core.StandardEngineValve.invoke(StandardEngineValve.java:87) [catalina.jar:8.5.57]
	at org.apache.catalina.connector.CoyoteAdapter.service(CoyoteAdapter.java:343) [catalina.jar:8.5.57]
	at org.apache.coyote.http11.Http11Processor.service(Http11Processor.java:615) [tomcat-coyote.jar:8.5.57]
	at org.apache.coyote.AbstractProcessorLight.process(AbstractProcessorLight.java:65) [tomcat-coyote.jar:8.5.57]
	at org.apache.coyote.AbstractProtocol$ConnectionHandler.process(AbstractProtocol.java:818) [tomcat-coyote.jar:8.5.57]
	at org.apache.tomcat.util.net.NioEndpoint$SocketProcessor.doRun(NioEndpoint.java:1626) [tomcat-coyote.jar:8.5.57]
	at org.apache.tomcat.util.net.SocketProcessorBase.run(SocketProcessorBase.java:49) [tomcat-coyote.jar:8.5.57]
	at java.util.concurrent.ThreadPoolExecutor.runWorker(ThreadPoolExecutor.java:1130) [?:?]
	at java.util.concurrent.ThreadPoolExecutor$Worker.run(ThreadPoolExecutor.java:630) [?:?]
	at org.apache.tomcat.util.threads.TaskThread$WrappingRunnable.run(TaskThread.java:61) [tomcat-util.jar:8.5.57]
	at java.lang.Thread.run(Thread.java:831) [?:?]
Caused by: by.epam.onlinepharmacy.exception.DaoException: SQLException in method findListProducts() 
	at by.epam.onlinepharmacy.model.dao.impl.ProductDaoImpl.findListProducts(ProductDaoImpl.java:120) ~[classes/:?]
	at by.epam.onlinepharmacy.model.service.impl.ProductServiceImpl.findListProducts(ProductServiceImpl.java:121) ~[classes/:?]
	... 30 more
Caused by: java.sql.SQLException: Column 'product_plant' not found.
	at com.mysql.cj.jdbc.exceptions.SQLError.createSQLException(SQLError.java:129) ~[mysql-connector-java-8.0.20.jar:8.0.20]
	at com.mysql.cj.jdbc.exceptions.SQLError.createSQLException(SQLError.java:97) ~[mysql-connector-java-8.0.20.jar:8.0.20]
	at com.mysql.cj.jdbc.exceptions.SQLError.createSQLException(SQLError.java:89) ~[mysql-connector-java-8.0.20.jar:8.0.20]
	at com.mysql.cj.jdbc.exceptions.SQLError.createSQLException(SQLError.java:63) ~[mysql-connector-java-8.0.20.jar:8.0.20]
	at com.mysql.cj.jdbc.result.ResultSetImpl.findColumn(ResultSetImpl.java:556) ~[mysql-connector-java-8.0.20.jar:8.0.20]
	at com.mysql.cj.jdbc.result.ResultSetImpl.getString(ResultSetImpl.java:863) ~[mysql-connector-java-8.0.20.jar:8.0.20]
	at by.epam.onlinepharmacy.model.dao.impl.ProductDaoImpl.findListProducts(ProductDaoImpl.java:109) ~[classes/:?]
	at by.epam.onlinepharmacy.model.service.impl.ProductServiceImpl.findListProducts(ProductServiceImpl.java:121) ~[classes/:?]
	... 30 more
2021-09-23 21:07:18.083 [http-nio-8080-exec-4] INFO  epam.onlinepharmacy.model.connection.ConnectionPool - Connection pool was created
2021-09-23 21:21:01.577 [http-nio-8080-exec-4] INFO  epam.onlinepharmacy.model.connection.ConnectionPool - Connection pool was created
2021-09-23 21:21:50.964 [http-nio-8080-exec-5] INFO  epam.onlinepharmacy.model.connection.ConnectionPool - Connection pool was created
2021-09-23 21:25:00.281 [http-nio-8080-exec-4] INFO  epam.onlinepharmacy.model.connection.ConnectionPool - Connection pool was created
2021-09-23 21:37:06.073 [http-nio-8080-exec-5] INFO  epam.onlinepharmacy.model.connection.ConnectionPool - Connection pool was created
2021-09-23 23:14:15.340 [http-nio-8080-exec-4] INFO  epam.onlinepharmacy.model.connection.ConnectionPool - Connection pool was created
2021-09-23 23:18:40.016 [http-nio-8080-exec-4] INFO  epam.onlinepharmacy.model.connection.ConnectionPool - Connection pool was created
2021-09-24 08:50:26.544 [http-nio-8080-exec-7] INFO  epam.onlinepharmacy.model.connection.ConnectionPool - Connection pool was created
2021-09-24 09:04:34.149 [http-nio-8080-exec-4] INFO  epam.onlinepharmacy.model.connection.ConnectionPool - Connection pool was created
