2021-09-02 19:17:12.805 [http-nio-8080-exec-10] INFO  epam.onlinepharmacy.model.connection.ConnectionPool - Connection pool was created
2021-09-02 19:22:25.373 [http-nio-8080-exec-6] INFO  epam.onlinepharmacy.model.connection.ConnectionPool - Connection pool was created
2021-09-02 19:33:52.402 [http-nio-8080-exec-5] INFO  epam.onlinepharmacy.model.connection.ConnectionPool - Connection pool was created
2021-09-02 19:35:57.717 [http-nio-8080-exec-5] INFO  epam.onlinepharmacy.model.connection.ConnectionPool - Connection pool was created
2021-09-02 19:43:06.936 [http-nio-8080-exec-4] INFO  epam.onlinepharmacy.model.connection.ConnectionPool - Connection pool was created
2021-09-02 19:54:38.352 [http-nio-8080-exec-2] INFO  epam.onlinepharmacy.model.connection.ConnectionPool - Connection pool was created
2021-09-02 20:13:47.866 [http-nio-8080-exec-5] INFO  epam.onlinepharmacy.model.connection.ConnectionPool - Connection pool was created
2021-09-02 20:38:32.855 [http-nio-8080-exec-10] INFO  epam.onlinepharmacy.model.connection.ConnectionPool - Connection pool was created
2021-09-02 21:11:45.738 [http-nio-8080-exec-4] INFO  epam.onlinepharmacy.model.connection.ConnectionPool - Connection pool was created
2021-09-03 12:55:52.777 [http-nio-8080-exec-5] INFO  epam.onlinepharmacy.model.connection.ConnectionPool - Connection pool was created
2021-09-03 13:01:47.312 [http-nio-8080-exec-4] INFO  epam.onlinepharmacy.model.connection.ConnectionPool - Connection pool was created
2021-09-03 13:04:23.393 [http-nio-8080-exec-5] INFO  epam.onlinepharmacy.model.connection.ConnectionPool - Connection pool was created
2021-09-03 13:39:43.003 [http-nio-8080-exec-3] INFO  epam.onlinepharmacy.model.connection.ConnectionPool - Connection pool was created
2021-09-03 13:48:58.127 [http-nio-8080-exec-4] INFO  epam.onlinepharmacy.model.connection.ConnectionPool - Connection pool was created
2021-09-03 13:50:10.974 [http-nio-8080-exec-8] INFO  epam.onlinepharmacy.model.connection.ConnectionPool - Connection pool was created
2021-09-03 13:58:16.163 [http-nio-8080-exec-3] INFO  epam.onlinepharmacy.model.connection.ConnectionPool - Connection pool was created
2021-09-03 14:35:22.958 [http-nio-8080-exec-5] INFO  epam.onlinepharmacy.model.connection.ConnectionPool - Connection pool was created
2021-09-03 15:02:37.418 [http-nio-8080-exec-5] INFO  epam.onlinepharmacy.model.connection.ConnectionPool - Connection pool was created
2021-09-03 15:05:47.800 [http-nio-8080-exec-4] INFO  epam.onlinepharmacy.model.connection.ConnectionPool - Connection pool was created
2021-09-03 15:09:57.934 [http-nio-8080-exec-6] INFO  epam.onlinepharmacy.model.connection.ConnectionPool - Connection pool was created
2021-09-03 15:16:22.144 [http-nio-8080-exec-3] INFO  epam.onlinepharmacy.model.connection.ConnectionPool - Connection pool was created
2021-09-03 16:25:52.087 [http-nio-8080-exec-9] INFO  epam.onlinepharmacy.model.connection.ConnectionPool - Connection pool was created
2021-09-03 16:34:25.554 [http-nio-8080-exec-9] INFO  epam.onlinepharmacy.model.connection.ConnectionPool - Connection pool was created
2021-09-03 16:40:27.161 [http-nio-8080-exec-8] INFO  epam.onlinepharmacy.model.connection.ConnectionPool - Connection pool was created
2021-09-03 16:43:00.675 [http-nio-8080-exec-8] INFO  epam.onlinepharmacy.model.connection.ConnectionPool - Connection pool was created
2021-09-03 16:45:13.523 [http-nio-8080-exec-8] INFO  epam.onlinepharmacy.model.connection.ConnectionPool - Connection pool was created
2021-09-03 16:48:04.624 [http-nio-8080-exec-10] INFO  epam.onlinepharmacy.model.connection.ConnectionPool - Connection pool was created
2021-09-03 16:51:53.682 [http-nio-8080-exec-10] INFO  epam.onlinepharmacy.model.connection.ConnectionPool - Connection pool was created
2021-09-03 17:52:58.006 [http-nio-8080-exec-5] INFO  epam.onlinepharmacy.model.connection.ConnectionPool - Connection pool was created
2021-09-03 19:08:28.201 [http-nio-8080-exec-4] INFO  epam.onlinepharmacy.model.connection.ConnectionPool - Connection pool was created
2021-09-03 19:18:38.427 [http-nio-8080-exec-4] INFO  epam.onlinepharmacy.model.connection.ConnectionPool - Connection pool was created
2021-09-03 19:35:26.629 [http-nio-8080-exec-4] INFO  epam.onlinepharmacy.model.connection.ConnectionPool - Connection pool was created
2021-09-03 19:45:27.804 [http-nio-8080-exec-6] INFO  epam.onlinepharmacy.model.connection.ConnectionPool - Connection pool was created
2021-09-03 19:51:27.497 [http-nio-8080-exec-4] INFO  epam.onlinepharmacy.model.connection.ConnectionPool - Connection pool was created
2021-09-03 19:53:31.044 [http-nio-8080-exec-5] INFO  epam.onlinepharmacy.model.connection.ConnectionPool - Connection pool was created
2021-09-03 20:15:17.240 [http-nio-8080-exec-4] INFO  epam.onlinepharmacy.model.connection.ConnectionPool - Connection pool was created
2021-09-03 20:20:00.197 [http-nio-8080-exec-4] INFO  epam.onlinepharmacy.model.connection.ConnectionPool - Connection pool was created
2021-09-03 20:21:58.412 [http-nio-8080-exec-3] INFO  epam.onlinepharmacy.model.connection.ConnectionPool - Connection pool was created
2021-09-03 20:25:01.556 [http-nio-8080-exec-8] INFO  epam.onlinepharmacy.model.connection.ConnectionPool - Connection pool was created
2021-09-03 20:27:08.632 [http-nio-8080-exec-3] INFO  epam.onlinepharmacy.model.connection.ConnectionPool - Connection pool was created
2021-09-03 20:28:49.149 [http-nio-8080-exec-5] INFO  epam.onlinepharmacy.model.connection.ConnectionPool - Connection pool was created
2021-09-03 20:31:32.160 [http-nio-8080-exec-4] INFO  epam.onlinepharmacy.model.connection.ConnectionPool - Connection pool was created
2021-09-03 20:33:26.541 [http-nio-8080-exec-4] INFO  epam.onlinepharmacy.model.connection.ConnectionPool - Connection pool was created
2021-09-03 21:07:35.369 [http-nio-8080-exec-4] INFO  epam.onlinepharmacy.model.connection.ConnectionPool - Connection pool was created
2021-09-03 21:33:41.831 [http-nio-8080-exec-4] INFO  epam.onlinepharmacy.model.connection.ConnectionPool - Connection pool was created
2021-09-03 21:35:54.777 [http-nio-8080-exec-9] INFO  epam.onlinepharmacy.model.connection.ConnectionPool - Connection pool was created
2021-09-03 21:38:19.643 [http-nio-8080-exec-4] INFO  epam.onlinepharmacy.model.connection.ConnectionPool - Connection pool was created
2021-09-03 21:39:56.097 [http-nio-8080-exec-4] INFO  epam.onlinepharmacy.model.connection.ConnectionPool - Connection pool was created
2021-09-03 21:41:06.674 [http-nio-8080-exec-10] ERROR onlinepharmacy.model.dao.impl.ProductDaoImpl - SQLException in method createProduct() 
java.sql.SQLException: No value specified for parameter 5
	at com.mysql.cj.jdbc.exceptions.SQLError.createSQLException(SQLError.java:129) ~[mysql-connector-java-8.0.20.jar:8.0.20]
	at com.mysql.cj.jdbc.exceptions.SQLError.createSQLException(SQLError.java:97) ~[mysql-connector-java-8.0.20.jar:8.0.20]
	at com.mysql.cj.jdbc.exceptions.SQLExceptionsMapping.translateException(SQLExceptionsMapping.java:122) ~[mysql-connector-java-8.0.20.jar:8.0.20]
	at com.mysql.cj.jdbc.ClientPreparedStatement.executeUpdateInternal(ClientPreparedStatement.java:1115) ~[mysql-connector-java-8.0.20.jar:?]
	at com.mysql.cj.jdbc.ClientPreparedStatement.executeUpdateInternal(ClientPreparedStatement.java:1040) ~[mysql-connector-java-8.0.20.jar:?]
	at com.mysql.cj.jdbc.ClientPreparedStatement.executeLargeUpdate(ClientPreparedStatement.java:1347) ~[mysql-connector-java-8.0.20.jar:?]
	at com.mysql.cj.jdbc.ClientPreparedStatement.executeUpdate(ClientPreparedStatement.java:1025) ~[mysql-connector-java-8.0.20.jar:?]
	at by.epam.onlinepharmacy.model.dao.impl.ProductDaoImpl.createProduct(ProductDaoImpl.java:45) [classes/:?]
	at by.epam.onlinepharmacy.model.service.impl.ProductServiceImpl.createProduct(ProductServiceImpl.java:35) [classes/:?]
	at by.epam.onlinepharmacy.controller.command.impl.admin.AdditionProductCommand.execute(AdditionProductCommand.java:52) [classes/:?]
	at by.epam.onlinepharmacy.controller.Controller.processRequest(Controller.java:34) [classes/:?]
	at by.epam.onlinepharmacy.controller.Controller.doPost(Controller.java:28) [classes/:?]
	at javax.servlet.http.HttpServlet.service(HttpServlet.java:652) [servlet-api.jar:?]
	at javax.servlet.http.HttpServlet.service(HttpServlet.java:733) [servlet-api.jar:?]
	at org.apache.catalina.core.ApplicationFilterChain.internalDoFilter(ApplicationFilterChain.java:231) [catalina.jar:8.5.57]
	at org.apache.catalina.core.ApplicationFilterChain.doFilter(ApplicationFilterChain.java:166) [catalina.jar:8.5.57]
	at org.apache.tomcat.websocket.server.WsFilter.doFilter(WsFilter.java:52) [tomcat-websocket.jar:8.5.57]
	at org.apache.catalina.core.ApplicationFilterChain.internalDoFilter(ApplicationFilterChain.java:193) [catalina.jar:8.5.57]
	at org.apache.catalina.core.ApplicationFilterChain.doFilter(ApplicationFilterChain.java:166) [catalina.jar:8.5.57]
	at org.apache.catalina.core.StandardWrapperValve.invoke(StandardWrapperValve.java:199) [catalina.jar:8.5.57]
	at org.apache.catalina.core.StandardContextValve.invoke(StandardContextValve.java:96) [catalina.jar:8.5.57]
	at org.apache.catalina.authenticator.AuthenticatorBase.invoke(AuthenticatorBase.java:543) [catalina.jar:8.5.57]
	at org.apache.catalina.core.StandardHostValve.invoke(StandardHostValve.java:139) [catalina.jar:8.5.57]
	at org.apache.catalina.valves.ErrorReportValve.invoke(ErrorReportValve.java:81) [catalina.jar:8.5.57]
	at org.apache.catalina.valves.AbstractAccessLogValve.invoke(AbstractAccessLogValve.java:690) [catalina.jar:8.5.57]
	at org.apache.catalina.core.StandardEngineValve.invoke(StandardEngineValve.java:87) [catalina.jar:8.5.57]
	at org.apache.catalina.connector.CoyoteAdapter.service(CoyoteAdapter.java:343) [catalina.jar:8.5.57]
	at org.apache.coyote.http11.Http11Processor.service(Http11Processor.java:615) [tomcat-coyote.jar:8.5.57]
	at org.apache.coyote.AbstractProcessorLight.process(AbstractProcessorLight.java:65) [tomcat-coyote.jar:8.5.57]
	at org.apache.coyote.AbstractProtocol$ConnectionHandler.process(AbstractProtocol.java:818) [tomcat-coyote.jar:8.5.57]
	at org.apache.tomcat.util.net.NioEndpoint$SocketProcessor.doRun(NioEndpoint.java:1626) [tomcat-coyote.jar:8.5.57]
	at org.apache.tomcat.util.net.SocketProcessorBase.run(SocketProcessorBase.java:49) [tomcat-coyote.jar:8.5.57]
	at java.util.concurrent.ThreadPoolExecutor.runWorker(ThreadPoolExecutor.java:1130) [?:?]
	at java.util.concurrent.ThreadPoolExecutor$Worker.run(ThreadPoolExecutor.java:630) [?:?]
	at org.apache.tomcat.util.threads.TaskThread$WrappingRunnable.run(TaskThread.java:61) [tomcat-util.jar:8.5.57]
	at java.lang.Thread.run(Thread.java:831) [?:?]
2021-09-03 21:42:13.965 [http-nio-8080-exec-4] INFO  epam.onlinepharmacy.model.connection.ConnectionPool - Connection pool was created
2021-09-03 21:43:15.860 [http-nio-8080-exec-10] ERROR onlinepharmacy.model.dao.impl.ProductDaoImpl - SQLException in method createProduct() 
java.sql.SQLSyntaxErrorException: You have an error in your SQL syntax; check the manual that corresponds to your MySQL server version for the right syntax to use near 'group, price, recipe, instruction) VALUES ('1 1','1',1.0,0,'1')' at line 1
	at com.mysql.cj.jdbc.exceptions.SQLError.createSQLException(SQLError.java:120) ~[mysql-connector-java-8.0.20.jar:8.0.20]
	at com.mysql.cj.jdbc.exceptions.SQLError.createSQLException(SQLError.java:97) ~[mysql-connector-java-8.0.20.jar:8.0.20]
	at com.mysql.cj.jdbc.exceptions.SQLExceptionsMapping.translateException(SQLExceptionsMapping.java:122) ~[mysql-connector-java-8.0.20.jar:8.0.20]
	at com.mysql.cj.jdbc.ClientPreparedStatement.executeInternal(ClientPreparedStatement.java:953) ~[mysql-connector-java-8.0.20.jar:?]
	at com.mysql.cj.jdbc.ClientPreparedStatement.executeUpdateInternal(ClientPreparedStatement.java:1092) ~[mysql-connector-java-8.0.20.jar:?]
	at com.mysql.cj.jdbc.ClientPreparedStatement.executeUpdateInternal(ClientPreparedStatement.java:1040) ~[mysql-connector-java-8.0.20.jar:?]
	at com.mysql.cj.jdbc.ClientPreparedStatement.executeLargeUpdate(ClientPreparedStatement.java:1347) ~[mysql-connector-java-8.0.20.jar:?]
	at com.mysql.cj.jdbc.ClientPreparedStatement.executeUpdate(ClientPreparedStatement.java:1025) ~[mysql-connector-java-8.0.20.jar:?]
	at by.epam.onlinepharmacy.model.dao.impl.ProductDaoImpl.createProduct(ProductDaoImpl.java:45) [classes/:?]
	at by.epam.onlinepharmacy.model.service.impl.ProductServiceImpl.createProduct(ProductServiceImpl.java:35) [classes/:?]
	at by.epam.onlinepharmacy.controller.command.impl.admin.AdditionProductCommand.execute(AdditionProductCommand.java:52) [classes/:?]
	at by.epam.onlinepharmacy.controller.Controller.processRequest(Controller.java:34) [classes/:?]
	at by.epam.onlinepharmacy.controller.Controller.doPost(Controller.java:28) [classes/:?]
	at javax.servlet.http.HttpServlet.service(HttpServlet.java:652) [servlet-api.jar:?]
	at javax.servlet.http.HttpServlet.service(HttpServlet.java:733) [servlet-api.jar:?]
	at org.apache.catalina.core.ApplicationFilterChain.internalDoFilter(ApplicationFilterChain.java:231) [catalina.jar:8.5.57]
	at org.apache.catalina.core.ApplicationFilterChain.doFilter(ApplicationFilterChain.java:166) [catalina.jar:8.5.57]
	at org.apache.tomcat.websocket.server.WsFilter.doFilter(WsFilter.java:52) [tomcat-websocket.jar:8.5.57]
	at org.apache.catalina.core.ApplicationFilterChain.internalDoFilter(ApplicationFilterChain.java:193) [catalina.jar:8.5.57]
	at org.apache.catalina.core.ApplicationFilterChain.doFilter(ApplicationFilterChain.java:166) [catalina.jar:8.5.57]
	at org.apache.catalina.core.StandardWrapperValve.invoke(StandardWrapperValve.java:199) [catalina.jar:8.5.57]
	at org.apache.catalina.core.StandardContextValve.invoke(StandardContextValve.java:96) [catalina.jar:8.5.57]
	at org.apache.catalina.authenticator.AuthenticatorBase.invoke(AuthenticatorBase.java:543) [catalina.jar:8.5.57]
	at org.apache.catalina.core.StandardHostValve.invoke(StandardHostValve.java:139) [catalina.jar:8.5.57]
	at org.apache.catalina.valves.ErrorReportValve.invoke(ErrorReportValve.java:81) [catalina.jar:8.5.57]
	at org.apache.catalina.valves.AbstractAccessLogValve.invoke(AbstractAccessLogValve.java:690) [catalina.jar:8.5.57]
	at org.apache.catalina.core.StandardEngineValve.invoke(StandardEngineValve.java:87) [catalina.jar:8.5.57]
	at org.apache.catalina.connector.CoyoteAdapter.service(CoyoteAdapter.java:343) [catalina.jar:8.5.57]
	at org.apache.coyote.http11.Http11Processor.service(Http11Processor.java:615) [tomcat-coyote.jar:8.5.57]
	at org.apache.coyote.AbstractProcessorLight.process(AbstractProcessorLight.java:65) [tomcat-coyote.jar:8.5.57]
	at org.apache.coyote.AbstractProtocol$ConnectionHandler.process(AbstractProtocol.java:818) [tomcat-coyote.jar:8.5.57]
	at org.apache.tomcat.util.net.NioEndpoint$SocketProcessor.doRun(NioEndpoint.java:1626) [tomcat-coyote.jar:8.5.57]
	at org.apache.tomcat.util.net.SocketProcessorBase.run(SocketProcessorBase.java:49) [tomcat-coyote.jar:8.5.57]
	at java.util.concurrent.ThreadPoolExecutor.runWorker(ThreadPoolExecutor.java:1130) [?:?]
	at java.util.concurrent.ThreadPoolExecutor$Worker.run(ThreadPoolExecutor.java:630) [?:?]
	at org.apache.tomcat.util.threads.TaskThread$WrappingRunnable.run(TaskThread.java:61) [tomcat-util.jar:8.5.57]
	at java.lang.Thread.run(Thread.java:831) [?:?]
