2021-09-24 14:03:17.945 [RMI TCP Connection(9)-127.0.0.1] INFO  epam.onlinepharmacy.model.connection.ConnectionPool - Connection pool was created
2021-09-24 15:22:57.761 [RMI TCP Connection(3)-127.0.0.1] INFO  epam.onlinepharmacy.model.connection.ConnectionPool - Connection pool was created
2021-09-24 15:24:22.414 [RMI TCP Connection(6)-127.0.0.1] INFO  epam.onlinepharmacy.model.connection.ConnectionPool - Connection pool was created
2021-09-24 15:30:29.995 [RMI TCP Connection(3)-127.0.0.1] INFO  epam.onlinepharmacy.model.connection.ConnectionPool - Connection pool was created
2021-09-24 15:33:57.429 [RMI TCP Connection(3)-127.0.0.1] INFO  epam.onlinepharmacy.model.connection.ConnectionPool - Connection pool was created
2021-09-24 15:34:16.650 [RMI TCP Connection(6)-127.0.0.1] INFO  epam.onlinepharmacy.model.connection.ConnectionPool - Connection pool was created
2021-09-24 15:43:18.997 [RMI TCP Connection(3)-127.0.0.1] INFO  epam.onlinepharmacy.model.connection.ConnectionPool - Connection pool was created
2021-09-24 15:44:15.612 [RMI TCP Connection(3)-127.0.0.1] INFO  epam.onlinepharmacy.model.connection.ConnectionPool - Connection pool was created
2021-09-24 18:15:50.664 [RMI TCP Connection(3)-127.0.0.1] INFO  epam.onlinepharmacy.model.connection.ConnectionPool - Connection pool was created
2021-09-24 18:29:31.885 [RMI TCP Connection(3)-127.0.0.1] INFO  epam.onlinepharmacy.model.connection.ConnectionPool - Connection pool was created
2021-09-24 18:36:17.996 [RMI TCP Connection(7)-127.0.0.1] INFO  epam.onlinepharmacy.model.connection.ConnectionPool - Connection pool was created
2021-09-24 18:39:22.463 [RMI TCP Connection(3)-127.0.0.1] INFO  epam.onlinepharmacy.model.connection.ConnectionPool - Connection pool was created
2021-09-24 20:37:11.392 [RMI TCP Connection(3)-127.0.0.1] INFO  epam.onlinepharmacy.model.connection.ConnectionPool - Connection pool was created
2021-09-24 20:56:24.807 [RMI TCP Connection(3)-127.0.0.1] INFO  epam.onlinepharmacy.model.connection.ConnectionPool - Connection pool was created
2021-09-24 21:31:30.050 [RMI TCP Connection(6)-127.0.0.1] INFO  epam.onlinepharmacy.model.connection.ConnectionPool - Connection pool was created
2021-09-24 21:43:03.456 [RMI TCP Connection(9)-127.0.0.1] INFO  epam.onlinepharmacy.model.connection.ConnectionPool - Connection pool was created
2021-09-25 09:37:35.801 [RMI TCP Connection(3)-127.0.0.1] INFO  epam.onlinepharmacy.model.connection.ConnectionPool - Connection pool was created
2021-09-25 12:07:22.987 [http-nio-8080-exec-4] ERROR by.epam.onlinepharmacy.controller.ImageServlet - File can't be write 
java.io.IOException: java.io.FileNotFoundException: E:\epam\onlinepharmacy\src\main\webapp\pictures (Отказано в доступе)
	at org.apache.catalina.core.ApplicationPart.write(ApplicationPart.java:122) ~[catalina.jar:8.5.57]
	at by.epam.onlinepharmacy.controller.ImageServlet.doPost(ImageServlet.java:39) [classes/:?]
	at javax.servlet.http.HttpServlet.service(HttpServlet.java:652) [servlet-api.jar:?]
	at javax.servlet.http.HttpServlet.service(HttpServlet.java:733) [servlet-api.jar:?]
	at org.apache.catalina.core.ApplicationFilterChain.internalDoFilter(ApplicationFilterChain.java:231) [catalina.jar:8.5.57]
	at org.apache.catalina.core.ApplicationFilterChain.doFilter(ApplicationFilterChain.java:166) [catalina.jar:8.5.57]
	at org.apache.tomcat.websocket.server.WsFilter.doFilter(WsFilter.java:52) [tomcat-websocket.jar:8.5.57]
	at org.apache.catalina.core.ApplicationFilterChain.internalDoFilter(ApplicationFilterChain.java:193) [catalina.jar:8.5.57]
	at org.apache.catalina.core.ApplicationFilterChain.doFilter(ApplicationFilterChain.java:166) [catalina.jar:8.5.57]
	at by.epam.onlinepharmacy.controller.filter.EncoderFilter.doFilter(EncoderFilter.java:30) [classes/:?]
	at org.apache.catalina.core.ApplicationFilterChain.internalDoFilter(ApplicationFilterChain.java:193) [catalina.jar:8.5.57]
	at org.apache.catalina.core.ApplicationFilterChain.doFilter(ApplicationFilterChain.java:166) [catalina.jar:8.5.57]
	at org.apache.catalina.core.StandardWrapperValve.invoke(StandardWrapperValve.java:199) [catalina.jar:8.5.57]
	at org.apache.catalina.core.StandardContextValve.invoke(StandardContextValve.java:96) [catalina.jar:8.5.57]
	at org.apache.catalina.authenticator.AuthenticatorBase.invoke(AuthenticatorBase.java:543) [catalina.jar:8.5.57]
	at org.apache.catalina.core.StandardHostValve.invoke(StandardHostValve.java:139) [catalina.jar:8.5.57]
	at org.apache.catalina.valves.ErrorReportValve.invoke(ErrorReportValve.java:81) [catalina.jar:8.5.57]
	at org.apache.catalina.valves.AbstractAccessLogValve.invoke(AbstractAccessLogValve.java:690) [catalina.jar:8.5.57]
	at org.apache.catalina.core.StandardEngineValve.invoke(StandardEngineValve.java:87) [catalina.jar:8.5.57]
	at org.apache.catalina.connector.CoyoteAdapter.service(CoyoteAdapter.java:343) [catalina.jar:8.5.57]
	at org.apache.coyote.http11.Http11Processor.service(Http11Processor.java:615) [tomcat-coyote.jar:8.5.57]
	at org.apache.coyote.AbstractProcessorLight.process(AbstractProcessorLight.java:65) [tomcat-coyote.jar:8.5.57]
	at org.apache.coyote.AbstractProtocol$ConnectionHandler.process(AbstractProtocol.java:818) [tomcat-coyote.jar:8.5.57]
	at org.apache.tomcat.util.net.NioEndpoint$SocketProcessor.doRun(NioEndpoint.java:1626) [tomcat-coyote.jar:8.5.57]
	at org.apache.tomcat.util.net.SocketProcessorBase.run(SocketProcessorBase.java:49) [tomcat-coyote.jar:8.5.57]
	at java.util.concurrent.ThreadPoolExecutor.runWorker(ThreadPoolExecutor.java:1130) [?:?]
	at java.util.concurrent.ThreadPoolExecutor$Worker.run(ThreadPoolExecutor.java:630) [?:?]
	at org.apache.tomcat.util.threads.TaskThread$WrappingRunnable.run(TaskThread.java:61) [tomcat-util.jar:8.5.57]
	at java.lang.Thread.run(Thread.java:831) [?:?]
Caused by: java.io.FileNotFoundException: E:\epam\onlinepharmacy\src\main\webapp\pictures (Отказано в доступе)
	at java.io.FileOutputStream.open0(Native Method) ~[?:?]
	at java.io.FileOutputStream.open(FileOutputStream.java:291) ~[?:?]
	at java.io.FileOutputStream.<init>(FileOutputStream.java:234) ~[?:?]
	at java.io.FileOutputStream.<init>(FileOutputStream.java:184) ~[?:?]
	at org.apache.tomcat.util.http.fileupload.disk.DiskFileItem.write(DiskFileItem.java:378) ~[tomcat-coyote.jar:8.5.57]
	at org.apache.catalina.core.ApplicationPart.write(ApplicationPart.java:120) ~[catalina.jar:8.5.57]
	... 28 more
2021-09-25 12:07:40.397 [http-nio-8080-exec-5] ERROR by.epam.onlinepharmacy.controller.ImageServlet - File can't be write 
java.io.IOException: java.io.FileNotFoundException: E:\epam\onlinepharmacy\src\main\webapp\pictures (Отказано в доступе)
	at org.apache.catalina.core.ApplicationPart.write(ApplicationPart.java:122) ~[catalina.jar:8.5.57]
	at by.epam.onlinepharmacy.controller.ImageServlet.doPost(ImageServlet.java:39) [classes/:?]
	at javax.servlet.http.HttpServlet.service(HttpServlet.java:652) [servlet-api.jar:?]
	at javax.servlet.http.HttpServlet.service(HttpServlet.java:733) [servlet-api.jar:?]
	at org.apache.catalina.core.ApplicationFilterChain.internalDoFilter(ApplicationFilterChain.java:231) [catalina.jar:8.5.57]
	at org.apache.catalina.core.ApplicationFilterChain.doFilter(ApplicationFilterChain.java:166) [catalina.jar:8.5.57]
	at org.apache.tomcat.websocket.server.WsFilter.doFilter(WsFilter.java:52) [tomcat-websocket.jar:8.5.57]
	at org.apache.catalina.core.ApplicationFilterChain.internalDoFilter(ApplicationFilterChain.java:193) [catalina.jar:8.5.57]
	at org.apache.catalina.core.ApplicationFilterChain.doFilter(ApplicationFilterChain.java:166) [catalina.jar:8.5.57]
	at by.epam.onlinepharmacy.controller.filter.EncoderFilter.doFilter(EncoderFilter.java:30) [classes/:?]
	at org.apache.catalina.core.ApplicationFilterChain.internalDoFilter(ApplicationFilterChain.java:193) [catalina.jar:8.5.57]
	at org.apache.catalina.core.ApplicationFilterChain.doFilter(ApplicationFilterChain.java:166) [catalina.jar:8.5.57]
	at org.apache.catalina.core.StandardWrapperValve.invoke(StandardWrapperValve.java:199) [catalina.jar:8.5.57]
	at org.apache.catalina.core.StandardContextValve.invoke(StandardContextValve.java:96) [catalina.jar:8.5.57]
	at org.apache.catalina.authenticator.AuthenticatorBase.invoke(AuthenticatorBase.java:543) [catalina.jar:8.5.57]
	at org.apache.catalina.core.StandardHostValve.invoke(StandardHostValve.java:139) [catalina.jar:8.5.57]
	at org.apache.catalina.valves.ErrorReportValve.invoke(ErrorReportValve.java:81) [catalina.jar:8.5.57]
	at org.apache.catalina.valves.AbstractAccessLogValve.invoke(AbstractAccessLogValve.java:690) [catalina.jar:8.5.57]
	at org.apache.catalina.core.StandardEngineValve.invoke(StandardEngineValve.java:87) [catalina.jar:8.5.57]
	at org.apache.catalina.connector.CoyoteAdapter.service(CoyoteAdapter.java:343) [catalina.jar:8.5.57]
	at org.apache.coyote.http11.Http11Processor.service(Http11Processor.java:615) [tomcat-coyote.jar:8.5.57]
	at org.apache.coyote.AbstractProcessorLight.process(AbstractProcessorLight.java:65) [tomcat-coyote.jar:8.5.57]
	at org.apache.coyote.AbstractProtocol$ConnectionHandler.process(AbstractProtocol.java:818) [tomcat-coyote.jar:8.5.57]
	at org.apache.tomcat.util.net.NioEndpoint$SocketProcessor.doRun(NioEndpoint.java:1626) [tomcat-coyote.jar:8.5.57]
	at org.apache.tomcat.util.net.SocketProcessorBase.run(SocketProcessorBase.java:49) [tomcat-coyote.jar:8.5.57]
	at java.util.concurrent.ThreadPoolExecutor.runWorker(ThreadPoolExecutor.java:1130) [?:?]
	at java.util.concurrent.ThreadPoolExecutor$Worker.run(ThreadPoolExecutor.java:630) [?:?]
	at org.apache.tomcat.util.threads.TaskThread$WrappingRunnable.run(TaskThread.java:61) [tomcat-util.jar:8.5.57]
	at java.lang.Thread.run(Thread.java:831) [?:?]
Caused by: java.io.FileNotFoundException: E:\epam\onlinepharmacy\src\main\webapp\pictures (Отказано в доступе)
	at java.io.FileOutputStream.open0(Native Method) ~[?:?]
	at java.io.FileOutputStream.open(FileOutputStream.java:291) ~[?:?]
	at java.io.FileOutputStream.<init>(FileOutputStream.java:234) ~[?:?]
	at java.io.FileOutputStream.<init>(FileOutputStream.java:184) ~[?:?]
	at org.apache.tomcat.util.http.fileupload.disk.DiskFileItem.write(DiskFileItem.java:378) ~[tomcat-coyote.jar:8.5.57]
	at org.apache.catalina.core.ApplicationPart.write(ApplicationPart.java:120) ~[catalina.jar:8.5.57]
	... 28 more
2021-09-25 12:08:02.009 [http-nio-8080-exec-9] ERROR by.epam.onlinepharmacy.controller.ImageServlet - File can't be write 
java.io.IOException: java.io.FileNotFoundException: E:\epam\onlinepharmacy\src\main\webapp\pictures (Отказано в доступе)
	at org.apache.catalina.core.ApplicationPart.write(ApplicationPart.java:122) ~[catalina.jar:8.5.57]
	at by.epam.onlinepharmacy.controller.ImageServlet.doPost(ImageServlet.java:39) [classes/:?]
	at javax.servlet.http.HttpServlet.service(HttpServlet.java:652) [servlet-api.jar:?]
	at javax.servlet.http.HttpServlet.service(HttpServlet.java:733) [servlet-api.jar:?]
	at org.apache.catalina.core.ApplicationFilterChain.internalDoFilter(ApplicationFilterChain.java:231) [catalina.jar:8.5.57]
	at org.apache.catalina.core.ApplicationFilterChain.doFilter(ApplicationFilterChain.java:166) [catalina.jar:8.5.57]
	at org.apache.tomcat.websocket.server.WsFilter.doFilter(WsFilter.java:52) [tomcat-websocket.jar:8.5.57]
	at org.apache.catalina.core.ApplicationFilterChain.internalDoFilter(ApplicationFilterChain.java:193) [catalina.jar:8.5.57]
	at org.apache.catalina.core.ApplicationFilterChain.doFilter(ApplicationFilterChain.java:166) [catalina.jar:8.5.57]
	at by.epam.onlinepharmacy.controller.filter.EncoderFilter.doFilter(EncoderFilter.java:30) [classes/:?]
	at org.apache.catalina.core.ApplicationFilterChain.internalDoFilter(ApplicationFilterChain.java:193) [catalina.jar:8.5.57]
	at org.apache.catalina.core.ApplicationFilterChain.doFilter(ApplicationFilterChain.java:166) [catalina.jar:8.5.57]
	at org.apache.catalina.core.StandardWrapperValve.invoke(StandardWrapperValve.java:199) [catalina.jar:8.5.57]
	at org.apache.catalina.core.StandardContextValve.invoke(StandardContextValve.java:96) [catalina.jar:8.5.57]
	at org.apache.catalina.authenticator.AuthenticatorBase.invoke(AuthenticatorBase.java:543) [catalina.jar:8.5.57]
	at org.apache.catalina.core.StandardHostValve.invoke(StandardHostValve.java:139) [catalina.jar:8.5.57]
	at org.apache.catalina.valves.ErrorReportValve.invoke(ErrorReportValve.java:81) [catalina.jar:8.5.57]
	at org.apache.catalina.valves.AbstractAccessLogValve.invoke(AbstractAccessLogValve.java:690) [catalina.jar:8.5.57]
	at org.apache.catalina.core.StandardEngineValve.invoke(StandardEngineValve.java:87) [catalina.jar:8.5.57]
	at org.apache.catalina.connector.CoyoteAdapter.service(CoyoteAdapter.java:343) [catalina.jar:8.5.57]
	at org.apache.coyote.http11.Http11Processor.service(Http11Processor.java:615) [tomcat-coyote.jar:8.5.57]
	at org.apache.coyote.AbstractProcessorLight.process(AbstractProcessorLight.java:65) [tomcat-coyote.jar:8.5.57]
	at org.apache.coyote.AbstractProtocol$ConnectionHandler.process(AbstractProtocol.java:818) [tomcat-coyote.jar:8.5.57]
	at org.apache.tomcat.util.net.NioEndpoint$SocketProcessor.doRun(NioEndpoint.java:1626) [tomcat-coyote.jar:8.5.57]
	at org.apache.tomcat.util.net.SocketProcessorBase.run(SocketProcessorBase.java:49) [tomcat-coyote.jar:8.5.57]
	at java.util.concurrent.ThreadPoolExecutor.runWorker(ThreadPoolExecutor.java:1130) [?:?]
	at java.util.concurrent.ThreadPoolExecutor$Worker.run(ThreadPoolExecutor.java:630) [?:?]
	at org.apache.tomcat.util.threads.TaskThread$WrappingRunnable.run(TaskThread.java:61) [tomcat-util.jar:8.5.57]
	at java.lang.Thread.run(Thread.java:831) [?:?]
Caused by: java.io.FileNotFoundException: E:\epam\onlinepharmacy\src\main\webapp\pictures (Отказано в доступе)
	at java.io.FileOutputStream.open0(Native Method) ~[?:?]
	at java.io.FileOutputStream.open(FileOutputStream.java:291) ~[?:?]
	at java.io.FileOutputStream.<init>(FileOutputStream.java:234) ~[?:?]
	at java.io.FileOutputStream.<init>(FileOutputStream.java:184) ~[?:?]
	at org.apache.tomcat.util.http.fileupload.disk.DiskFileItem.write(DiskFileItem.java:378) ~[tomcat-coyote.jar:8.5.57]
	at org.apache.catalina.core.ApplicationPart.write(ApplicationPart.java:120) ~[catalina.jar:8.5.57]
	... 28 more
2021-09-25 12:08:25.554 [http-nio-8080-exec-2] ERROR by.epam.onlinepharmacy.controller.ImageServlet - File can't be write 
java.io.IOException: java.io.FileNotFoundException: E:\epam\onlinepharmacy\src\main\webapp\pictures (Отказано в доступе)
	at org.apache.catalina.core.ApplicationPart.write(ApplicationPart.java:122) ~[catalina.jar:8.5.57]
	at by.epam.onlinepharmacy.controller.ImageServlet.doPost(ImageServlet.java:39) [classes/:?]
	at javax.servlet.http.HttpServlet.service(HttpServlet.java:652) [servlet-api.jar:?]
	at javax.servlet.http.HttpServlet.service(HttpServlet.java:733) [servlet-api.jar:?]
	at org.apache.catalina.core.ApplicationFilterChain.internalDoFilter(ApplicationFilterChain.java:231) [catalina.jar:8.5.57]
	at org.apache.catalina.core.ApplicationFilterChain.doFilter(ApplicationFilterChain.java:166) [catalina.jar:8.5.57]
	at org.apache.tomcat.websocket.server.WsFilter.doFilter(WsFilter.java:52) [tomcat-websocket.jar:8.5.57]
	at org.apache.catalina.core.ApplicationFilterChain.internalDoFilter(ApplicationFilterChain.java:193) [catalina.jar:8.5.57]
	at org.apache.catalina.core.ApplicationFilterChain.doFilter(ApplicationFilterChain.java:166) [catalina.jar:8.5.57]
	at by.epam.onlinepharmacy.controller.filter.EncoderFilter.doFilter(EncoderFilter.java:30) [classes/:?]
	at org.apache.catalina.core.ApplicationFilterChain.internalDoFilter(ApplicationFilterChain.java:193) [catalina.jar:8.5.57]
	at org.apache.catalina.core.ApplicationFilterChain.doFilter(ApplicationFilterChain.java:166) [catalina.jar:8.5.57]
	at org.apache.catalina.core.StandardWrapperValve.invoke(StandardWrapperValve.java:199) [catalina.jar:8.5.57]
	at org.apache.catalina.core.StandardContextValve.invoke(StandardContextValve.java:96) [catalina.jar:8.5.57]
	at org.apache.catalina.authenticator.AuthenticatorBase.invoke(AuthenticatorBase.java:543) [catalina.jar:8.5.57]
	at org.apache.catalina.core.StandardHostValve.invoke(StandardHostValve.java:139) [catalina.jar:8.5.57]
	at org.apache.catalina.valves.ErrorReportValve.invoke(ErrorReportValve.java:81) [catalina.jar:8.5.57]
	at org.apache.catalina.valves.AbstractAccessLogValve.invoke(AbstractAccessLogValve.java:690) [catalina.jar:8.5.57]
	at org.apache.catalina.core.StandardEngineValve.invoke(StandardEngineValve.java:87) [catalina.jar:8.5.57]
	at org.apache.catalina.connector.CoyoteAdapter.service(CoyoteAdapter.java:343) [catalina.jar:8.5.57]
	at org.apache.coyote.http11.Http11Processor.service(Http11Processor.java:615) [tomcat-coyote.jar:8.5.57]
	at org.apache.coyote.AbstractProcessorLight.process(AbstractProcessorLight.java:65) [tomcat-coyote.jar:8.5.57]
	at org.apache.coyote.AbstractProtocol$ConnectionHandler.process(AbstractProtocol.java:818) [tomcat-coyote.jar:8.5.57]
	at org.apache.tomcat.util.net.NioEndpoint$SocketProcessor.doRun(NioEndpoint.java:1626) [tomcat-coyote.jar:8.5.57]
	at org.apache.tomcat.util.net.SocketProcessorBase.run(SocketProcessorBase.java:49) [tomcat-coyote.jar:8.5.57]
	at java.util.concurrent.ThreadPoolExecutor.runWorker(ThreadPoolExecutor.java:1130) [?:?]
	at java.util.concurrent.ThreadPoolExecutor$Worker.run(ThreadPoolExecutor.java:630) [?:?]
	at org.apache.tomcat.util.threads.TaskThread$WrappingRunnable.run(TaskThread.java:61) [tomcat-util.jar:8.5.57]
	at java.lang.Thread.run(Thread.java:831) [?:?]
Caused by: java.io.FileNotFoundException: E:\epam\onlinepharmacy\src\main\webapp\pictures (Отказано в доступе)
	at java.io.FileOutputStream.open0(Native Method) ~[?:?]
	at java.io.FileOutputStream.open(FileOutputStream.java:291) ~[?:?]
	at java.io.FileOutputStream.<init>(FileOutputStream.java:234) ~[?:?]
	at java.io.FileOutputStream.<init>(FileOutputStream.java:184) ~[?:?]
	at org.apache.tomcat.util.http.fileupload.disk.DiskFileItem.write(DiskFileItem.java:378) ~[tomcat-coyote.jar:8.5.57]
	at org.apache.catalina.core.ApplicationPart.write(ApplicationPart.java:120) ~[catalina.jar:8.5.57]
	... 28 more
