2021-09-09 09:07:05.277 [http-nio-8080-exec-3] INFO  epam.onlinepharmacy.model.connection.ConnectionPool - Connection pool was created
2021-09-09 09:08:52.052 [http-nio-8080-exec-4] INFO  epam.onlinepharmacy.model.connection.ConnectionPool - Connection pool was created
2021-09-09 09:14:52.258 [http-nio-8080-exec-4] INFO  epam.onlinepharmacy.model.connection.ConnectionPool - Connection pool was created
2021-09-09 09:18:19.272 [http-nio-8080-exec-5] INFO  epam.onlinepharmacy.model.connection.ConnectionPool - Connection pool was created
2021-09-09 09:25:54.563 [http-nio-8080-exec-10] INFO  epam.onlinepharmacy.model.connection.ConnectionPool - Connection pool was created
2021-09-09 09:31:53.044 [http-nio-8080-exec-4] INFO  epam.onlinepharmacy.model.connection.ConnectionPool - Connection pool was created
2021-09-09 09:35:33.450 [http-nio-8080-exec-4] INFO  epam.onlinepharmacy.model.connection.ConnectionPool - Connection pool was created
2021-09-09 09:38:46.293 [http-nio-8080-exec-4] INFO  epam.onlinepharmacy.model.connection.ConnectionPool - Connection pool was created
2021-09-09 09:50:56.822 [http-nio-8080-exec-4] INFO  epam.onlinepharmacy.model.connection.ConnectionPool - Connection pool was created
2021-09-09 09:53:03.310 [http-nio-8080-exec-4] INFO  epam.onlinepharmacy.model.connection.ConnectionPool - Connection pool was created
2021-09-09 09:56:36.499 [http-nio-8080-exec-6] INFO  epam.onlinepharmacy.model.connection.ConnectionPool - Connection pool was created
2021-09-09 10:39:06.328 [http-nio-8080-exec-4] INFO  epam.onlinepharmacy.model.connection.ConnectionPool - Connection pool was created
2021-09-09 12:14:53.026 [http-nio-8080-exec-4] INFO  epam.onlinepharmacy.model.connection.ConnectionPool - Connection pool was created
2021-09-09 12:15:06.198 [http-nio-8080-exec-1] ERROR onlinepharmacy.model.dao.impl.ProductDaoImpl - SQLException in method findAllPharmacies() 
java.sql.SQLException: Before start of result set
	at com.mysql.cj.jdbc.exceptions.SQLError.createSQLException(SQLError.java:129) ~[mysql-connector-java-8.0.20.jar:8.0.20]
	at com.mysql.cj.jdbc.exceptions.SQLError.createSQLException(SQLError.java:97) ~[mysql-connector-java-8.0.20.jar:8.0.20]
	at com.mysql.cj.jdbc.exceptions.SQLError.createSQLException(SQLError.java:89) ~[mysql-connector-java-8.0.20.jar:8.0.20]
	at com.mysql.cj.jdbc.exceptions.SQLError.createSQLException(SQLError.java:63) ~[mysql-connector-java-8.0.20.jar:8.0.20]
	at com.mysql.cj.jdbc.result.ResultSetImpl.checkRowPos(ResultSetImpl.java:492) ~[mysql-connector-java-8.0.20.jar:8.0.20]
	at com.mysql.cj.jdbc.result.ResultSetImpl.getString(ResultSetImpl.java:845) ~[mysql-connector-java-8.0.20.jar:8.0.20]
	at com.mysql.cj.jdbc.result.ResultSetImpl.getString(ResultSetImpl.java:863) ~[mysql-connector-java-8.0.20.jar:8.0.20]
	at by.epam.onlinepharmacy.model.dao.impl.ProductDaoImpl.findPic(ProductDaoImpl.java:112) [classes/:?]
	at by.epam.onlinepharmacy.model.service.impl.ProductServiceImpl.find(ProductServiceImpl.java:58) [classes/:?]
	at by.epam.onlinepharmacy.controller.command.impl.admin.SeeProductCommand.execute(AddPicCommand.java:19) [classes/:?]
	at by.epam.onlinepharmacy.controller.Controller.processRequest(Controller.java:32) [classes/:?]
	at by.epam.onlinepharmacy.controller.Controller.doGet(Controller.java:21) [classes/:?]
	at javax.servlet.http.HttpServlet.service(HttpServlet.java:626) [servlet-api.jar:?]
	at javax.servlet.http.HttpServlet.service(HttpServlet.java:733) [servlet-api.jar:?]
	at org.apache.catalina.core.ApplicationFilterChain.internalDoFilter(ApplicationFilterChain.java:231) [catalina.jar:8.5.57]
	at org.apache.catalina.core.ApplicationFilterChain.doFilter(ApplicationFilterChain.java:166) [catalina.jar:8.5.57]
	at org.apache.tomcat.websocket.server.WsFilter.doFilter(WsFilter.java:52) [tomcat-websocket.jar:8.5.57]
	at org.apache.catalina.core.ApplicationFilterChain.internalDoFilter(ApplicationFilterChain.java:193) [catalina.jar:8.5.57]
	at org.apache.catalina.core.ApplicationFilterChain.doFilter(ApplicationFilterChain.java:166) [catalina.jar:8.5.57]
	at by.epam.onlinepharmacy.controller.filter.EncoderFilter.doFilter(EncoderFilter.java:30) [classes/:?]
	at org.apache.catalina.core.ApplicationFilterChain.internalDoFilter(ApplicationFilterChain.java:193) [catalina.jar:8.5.57]
	at org.apache.catalina.core.ApplicationFilterChain.doFilter(ApplicationFilterChain.java:166) [catalina.jar:8.5.57]
	at org.apache.catalina.core.StandardWrapperValve.invoke(StandardWrapperValve.java:199) [catalina.jar:8.5.57]
	at org.apache.catalina.core.StandardContextValve.invoke(StandardContextValve.java:96) [catalina.jar:8.5.57]
	at org.apache.catalina.authenticator.AuthenticatorBase.invoke(AuthenticatorBase.java:543) [catalina.jar:8.5.57]
	at org.apache.catalina.core.StandardHostValve.invoke(StandardHostValve.java:139) [catalina.jar:8.5.57]
	at org.apache.catalina.valves.ErrorReportValve.invoke(ErrorReportValve.java:81) [catalina.jar:8.5.57]
	at org.apache.catalina.valves.AbstractAccessLogValve.invoke(AbstractAccessLogValve.java:690) [catalina.jar:8.5.57]
	at org.apache.catalina.core.StandardEngineValve.invoke(StandardEngineValve.java:87) [catalina.jar:8.5.57]
	at org.apache.catalina.connector.CoyoteAdapter.service(CoyoteAdapter.java:343) [catalina.jar:8.5.57]
	at org.apache.coyote.http11.Http11Processor.service(Http11Processor.java:615) [tomcat-coyote.jar:8.5.57]
	at org.apache.coyote.AbstractProcessorLight.process(AbstractProcessorLight.java:65) [tomcat-coyote.jar:8.5.57]
	at org.apache.coyote.AbstractProtocol$ConnectionHandler.process(AbstractProtocol.java:818) [tomcat-coyote.jar:8.5.57]
	at org.apache.tomcat.util.net.NioEndpoint$SocketProcessor.doRun(NioEndpoint.java:1626) [tomcat-coyote.jar:8.5.57]
	at org.apache.tomcat.util.net.SocketProcessorBase.run(SocketProcessorBase.java:49) [tomcat-coyote.jar:8.5.57]
	at java.util.concurrent.ThreadPoolExecutor.runWorker(ThreadPoolExecutor.java:1130) [?:?]
	at java.util.concurrent.ThreadPoolExecutor$Worker.run(ThreadPoolExecutor.java:630) [?:?]
	at org.apache.tomcat.util.threads.TaskThread$WrappingRunnable.run(TaskThread.java:61) [tomcat-util.jar:8.5.57]
	at java.lang.Thread.run(Thread.java:831) [?:?]
2021-09-09 12:19:16.458 [http-nio-8080-exec-8] INFO  epam.onlinepharmacy.model.connection.ConnectionPool - Connection pool was created
2021-09-09 12:20:50.287 [http-nio-8080-exec-8] ERROR onlinepharmacy.model.dao.impl.ProductDaoImpl - SQLException in method findAllPharmacies() 
java.sql.SQLException: Before start of result set
	at com.mysql.cj.jdbc.exceptions.SQLError.createSQLException(SQLError.java:129) ~[mysql-connector-java-8.0.20.jar:8.0.20]
	at com.mysql.cj.jdbc.exceptions.SQLError.createSQLException(SQLError.java:97) ~[mysql-connector-java-8.0.20.jar:8.0.20]
	at com.mysql.cj.jdbc.exceptions.SQLError.createSQLException(SQLError.java:89) ~[mysql-connector-java-8.0.20.jar:8.0.20]
	at com.mysql.cj.jdbc.exceptions.SQLError.createSQLException(SQLError.java:63) ~[mysql-connector-java-8.0.20.jar:8.0.20]
	at com.mysql.cj.jdbc.result.ResultSetImpl.checkRowPos(ResultSetImpl.java:492) ~[mysql-connector-java-8.0.20.jar:8.0.20]
	at com.mysql.cj.jdbc.result.ResultSetImpl.getString(ResultSetImpl.java:845) ~[mysql-connector-java-8.0.20.jar:8.0.20]
	at com.mysql.cj.jdbc.result.ResultSetImpl.getString(ResultSetImpl.java:863) ~[mysql-connector-java-8.0.20.jar:8.0.20]
	at by.epam.onlinepharmacy.model.dao.impl.ProductDaoImpl.findPic(ProductDaoImpl.java:112) [classes/:?]
	at by.epam.onlinepharmacy.model.service.impl.ProductServiceImpl.find(ProductServiceImpl.java:58) [classes/:?]
	at by.epam.onlinepharmacy.controller.command.impl.admin.SeeProductCommand.execute(AddPicCommand.java:19) [classes/:?]
	at by.epam.onlinepharmacy.controller.Controller.processRequest(Controller.java:32) [classes/:?]
	at by.epam.onlinepharmacy.controller.Controller.doGet(Controller.java:21) [classes/:?]
	at javax.servlet.http.HttpServlet.service(HttpServlet.java:626) [servlet-api.jar:?]
	at javax.servlet.http.HttpServlet.service(HttpServlet.java:733) [servlet-api.jar:?]
	at org.apache.catalina.core.ApplicationFilterChain.internalDoFilter(ApplicationFilterChain.java:231) [catalina.jar:8.5.57]
	at org.apache.catalina.core.ApplicationFilterChain.doFilter(ApplicationFilterChain.java:166) [catalina.jar:8.5.57]
	at org.apache.tomcat.websocket.server.WsFilter.doFilter(WsFilter.java:52) [tomcat-websocket.jar:8.5.57]
	at org.apache.catalina.core.ApplicationFilterChain.internalDoFilter(ApplicationFilterChain.java:193) [catalina.jar:8.5.57]
	at org.apache.catalina.core.ApplicationFilterChain.doFilter(ApplicationFilterChain.java:166) [catalina.jar:8.5.57]
	at by.epam.onlinepharmacy.controller.filter.EncoderFilter.doFilter(EncoderFilter.java:30) [classes/:?]
	at org.apache.catalina.core.ApplicationFilterChain.internalDoFilter(ApplicationFilterChain.java:193) [catalina.jar:8.5.57]
	at org.apache.catalina.core.ApplicationFilterChain.doFilter(ApplicationFilterChain.java:166) [catalina.jar:8.5.57]
	at org.apache.catalina.core.StandardWrapperValve.invoke(StandardWrapperValve.java:199) [catalina.jar:8.5.57]
	at org.apache.catalina.core.StandardContextValve.invoke(StandardContextValve.java:96) [catalina.jar:8.5.57]
	at org.apache.catalina.authenticator.AuthenticatorBase.invoke(AuthenticatorBase.java:543) [catalina.jar:8.5.57]
	at org.apache.catalina.core.StandardHostValve.invoke(StandardHostValve.java:139) [catalina.jar:8.5.57]
	at org.apache.catalina.valves.ErrorReportValve.invoke(ErrorReportValve.java:81) [catalina.jar:8.5.57]
	at org.apache.catalina.valves.AbstractAccessLogValve.invoke(AbstractAccessLogValve.java:690) [catalina.jar:8.5.57]
	at org.apache.catalina.core.StandardEngineValve.invoke(StandardEngineValve.java:87) [catalina.jar:8.5.57]
	at org.apache.catalina.connector.CoyoteAdapter.service(CoyoteAdapter.java:343) [catalina.jar:8.5.57]
	at org.apache.coyote.http11.Http11Processor.service(Http11Processor.java:615) [tomcat-coyote.jar:8.5.57]
	at org.apache.coyote.AbstractProcessorLight.process(AbstractProcessorLight.java:65) [tomcat-coyote.jar:8.5.57]
	at org.apache.coyote.AbstractProtocol$ConnectionHandler.process(AbstractProtocol.java:818) [tomcat-coyote.jar:8.5.57]
	at org.apache.tomcat.util.net.NioEndpoint$SocketProcessor.doRun(NioEndpoint.java:1626) [tomcat-coyote.jar:8.5.57]
	at org.apache.tomcat.util.net.SocketProcessorBase.run(SocketProcessorBase.java:49) [tomcat-coyote.jar:8.5.57]
	at java.util.concurrent.ThreadPoolExecutor.runWorker(ThreadPoolExecutor.java:1130) [?:?]
	at java.util.concurrent.ThreadPoolExecutor$Worker.run(ThreadPoolExecutor.java:630) [?:?]
	at org.apache.tomcat.util.threads.TaskThread$WrappingRunnable.run(TaskThread.java:61) [tomcat-util.jar:8.5.57]
	at java.lang.Thread.run(Thread.java:831) [?:?]
2021-09-09 12:37:22.499 [http-nio-8080-exec-3] INFO  epam.onlinepharmacy.model.connection.ConnectionPool - Connection pool was created
2021-09-09 12:43:22.594 [http-nio-8080-exec-4] INFO  epam.onlinepharmacy.model.connection.ConnectionPool - Connection pool was created
2021-09-09 12:46:46.069 [http-nio-8080-exec-4] INFO  epam.onlinepharmacy.model.connection.ConnectionPool - Connection pool was created
2021-09-09 12:50:40.653 [http-nio-8080-exec-4] INFO  epam.onlinepharmacy.model.connection.ConnectionPool - Connection pool was created
2021-09-09 12:54:54.334 [http-nio-8080-exec-4] INFO  epam.onlinepharmacy.model.connection.ConnectionPool - Connection pool was created
2021-09-09 12:57:57.750 [http-nio-8080-exec-4] INFO  epam.onlinepharmacy.model.connection.ConnectionPool - Connection pool was created
2021-09-09 13:07:40.180 [http-nio-8080-exec-6] INFO  epam.onlinepharmacy.model.connection.ConnectionPool - Connection pool was created
2021-09-09 13:20:43.416 [http-nio-8080-exec-4] INFO  epam.onlinepharmacy.model.connection.ConnectionPool - Connection pool was created
2021-09-09 13:26:19.352 [http-nio-8080-exec-6] INFO  epam.onlinepharmacy.model.connection.ConnectionPool - Connection pool was created
2021-09-09 13:29:04.688 [http-nio-8080-exec-5] INFO  epam.onlinepharmacy.model.connection.ConnectionPool - Connection pool was created
2021-09-09 13:31:35.212 [http-nio-8080-exec-3] INFO  epam.onlinepharmacy.model.connection.ConnectionPool - Connection pool was created
2021-09-09 13:36:08.425 [http-nio-8080-exec-5] INFO  epam.onlinepharmacy.model.connection.ConnectionPool - Connection pool was created
2021-09-09 13:37:51.767 [http-nio-8080-exec-4] INFO  epam.onlinepharmacy.model.connection.ConnectionPool - Connection pool was created
2021-09-09 13:42:52.185 [http-nio-8080-exec-4] INFO  epam.onlinepharmacy.model.connection.ConnectionPool - Connection pool was created
2021-09-09 13:47:04.782 [http-nio-8080-exec-5] INFO  epam.onlinepharmacy.model.connection.ConnectionPool - Connection pool was created
2021-09-09 13:48:29.600 [http-nio-8080-exec-5] INFO  epam.onlinepharmacy.model.connection.ConnectionPool - Connection pool was created
2021-09-09 13:55:32.856 [http-nio-8080-exec-4] INFO  epam.onlinepharmacy.model.connection.ConnectionPool - Connection pool was created
2021-09-09 14:00:41.401 [http-nio-8080-exec-2] INFO  epam.onlinepharmacy.model.connection.ConnectionPool - Connection pool was created
2021-09-09 14:01:59.003 [http-nio-8080-exec-4] INFO  epam.onlinepharmacy.model.connection.ConnectionPool - Connection pool was created
2021-09-09 14:47:22.457 [http-nio-8080-exec-3] INFO  epam.onlinepharmacy.model.connection.ConnectionPool - Connection pool was created
2021-09-09 15:00:32.958 [http-nio-8080-exec-4] INFO  epam.onlinepharmacy.model.connection.ConnectionPool - Connection pool was created
2021-09-09 15:02:46.433 [http-nio-8080-exec-4] INFO  epam.onlinepharmacy.model.connection.ConnectionPool - Connection pool was created
2021-09-09 15:04:05.432 [http-nio-8080-exec-4] INFO  epam.onlinepharmacy.model.connection.ConnectionPool - Connection pool was created
2021-09-09 15:12:05.508 [http-nio-8080-exec-6] INFO  epam.onlinepharmacy.model.connection.ConnectionPool - Connection pool was created
2021-09-09 15:16:42.305 [http-nio-8080-exec-6] INFO  epam.onlinepharmacy.model.connection.ConnectionPool - Connection pool was created
2021-09-09 15:41:21.805 [http-nio-8080-exec-2] INFO  epam.onlinepharmacy.model.connection.ConnectionPool - Connection pool was created
2021-09-09 15:53:33.706 [http-nio-8080-exec-7] INFO  epam.onlinepharmacy.model.connection.ConnectionPool - Connection pool was created
2021-09-09 16:00:11.506 [http-nio-8080-exec-6] INFO  epam.onlinepharmacy.model.connection.ConnectionPool - Connection pool was created
2021-09-09 16:10:56.312 [http-nio-8080-exec-6] INFO  epam.onlinepharmacy.model.connection.ConnectionPool - Connection pool was created
2021-09-09 16:16:37.296 [http-nio-8080-exec-5] INFO  epam.onlinepharmacy.model.connection.ConnectionPool - Connection pool was created
2021-09-09 16:20:33.401 [http-nio-8080-exec-7] INFO  epam.onlinepharmacy.model.connection.ConnectionPool - Connection pool was created
2021-09-09 16:35:14.925 [http-nio-8080-exec-4] INFO  epam.onlinepharmacy.model.connection.ConnectionPool - Connection pool was created
2021-09-09 16:38:53.265 [http-nio-8080-exec-5] INFO  epam.onlinepharmacy.model.connection.ConnectionPool - Connection pool was created
2021-09-09 16:40:41.634 [http-nio-8080-exec-8] INFO  epam.onlinepharmacy.model.connection.ConnectionPool - Connection pool was created
